08/01/16 10:22:40 ******************************************************
08/01/16 10:22:40 ** condor_scheduniv_exec.170569.0 (CONDOR_DAGMAN) STARTING UP
08/01/16 10:22:40 ** /usr/bin/condor_dagman
08/01/16 10:22:40 ** SubsystemInfo: name=DAGMAN type=DAGMAN(10) class=DAEMON(1)
08/01/16 10:22:40 ** Configuration: subsystem:DAGMAN local:<NONE> class:DAEMON
08/01/16 10:22:40 ** $CondorVersion: 8.4.7 Jun 03 2016 BuildID: 369249 $
08/01/16 10:22:40 ** $CondorPlatform: x86_64_RedHat6 $
08/01/16 10:22:40 ** PID = 30349
08/01/16 10:22:40 ** Log last touched time unavailable (No such file or directory)
08/01/16 10:22:40 ******************************************************
08/01/16 10:22:40 Using config source: /etc/condor/condor_config
08/01/16 10:22:40 Using local config sources: 
08/01/16 10:22:40    /etc/condor/condor_config.local
08/01/16 10:22:40 config Macros = 68, Sorted = 68, StringBytes = 2036, TablesBytes = 2496
08/01/16 10:22:40 CLASSAD_CACHING is ENABLED
08/01/16 10:22:40 Daemon Log is logging: D_ALWAYS D_ERROR
08/01/16 10:22:40 DaemonCore: No command port requested.
08/01/16 10:22:40 DAGMAN_USE_STRICT setting: 1
08/01/16 10:22:40 DAGMAN_VERBOSITY setting: 3
08/01/16 10:22:40 DAGMAN_DEBUG_CACHE_SIZE setting: 5242880
08/01/16 10:22:40 DAGMAN_DEBUG_CACHE_ENABLE setting: False
08/01/16 10:22:40 DAGMAN_SUBMIT_DELAY setting: 0
08/01/16 10:22:40 DAGMAN_MAX_SUBMIT_ATTEMPTS setting: 6
08/01/16 10:22:40 DAGMAN_STARTUP_CYCLE_DETECT setting: False
08/01/16 10:22:40 DAGMAN_MAX_SUBMITS_PER_INTERVAL setting: 5
08/01/16 10:22:40 DAGMAN_USER_LOG_SCAN_INTERVAL setting: 5
08/01/16 10:22:40 DAGMAN_DEFAULT_PRIORITY setting: 0
08/01/16 10:22:40 DAGMAN_SUPPRESS_NOTIFICATION setting: True
08/01/16 10:22:40 allow_events (DAGMAN_ALLOW_EVENTS) setting: 114
08/01/16 10:22:40 DAGMAN_RETRY_SUBMIT_FIRST setting: True
08/01/16 10:22:40 DAGMAN_RETRY_NODE_FIRST setting: False
08/01/16 10:22:40 DAGMAN_MAX_JOBS_IDLE setting: 1000
08/01/16 10:22:40 DAGMAN_MAX_JOBS_SUBMITTED setting: 0
08/01/16 10:22:40 DAGMAN_MAX_PRE_SCRIPTS setting: 20
08/01/16 10:22:40 DAGMAN_MAX_POST_SCRIPTS setting: 20
08/01/16 10:22:40 DAGMAN_ALLOW_LOG_ERROR setting: False
08/01/16 10:22:40 DAGMAN_MUNGE_NODE_NAMES setting: True
08/01/16 10:22:40 DAGMAN_PROHIBIT_MULTI_JOBS setting: False
08/01/16 10:22:40 DAGMAN_SUBMIT_DEPTH_FIRST setting: False
08/01/16 10:22:40 DAGMAN_ALWAYS_RUN_POST setting: True
08/01/16 10:22:40 DAGMAN_ABORT_DUPLICATES setting: True
08/01/16 10:22:40 DAGMAN_ABORT_ON_SCARY_SUBMIT setting: True
08/01/16 10:22:40 DAGMAN_PENDING_REPORT_INTERVAL setting: 600
08/01/16 10:22:40 DAGMAN_AUTO_RESCUE setting: True
08/01/16 10:22:40 DAGMAN_MAX_RESCUE_NUM setting: 100
08/01/16 10:22:40 DAGMAN_WRITE_PARTIAL_RESCUE setting: True
08/01/16 10:22:40 DAGMAN_DEFAULT_NODE_LOG setting: @(DAG_DIR)/@(DAG_FILE).nodes.log
08/01/16 10:22:40 DAGMAN_GENERATE_SUBDAG_SUBMITS setting: True
08/01/16 10:22:40 DAGMAN_MAX_JOB_HOLDS setting: 100
08/01/16 10:22:40 DAGMAN_HOLD_CLAIM_TIME setting: 20
08/01/16 10:22:40 ALL_DEBUG setting: 
08/01/16 10:22:40 DAGMAN_DEBUG setting: 
08/01/16 10:22:40 DAGMAN_SUPPRESS_JOB_LOGS setting: False
08/01/16 10:22:40 argv[0] == "condor_scheduniv_exec.170569.0"
08/01/16 10:22:40 argv[1] == "-Lockfile"
08/01/16 10:22:40 argv[2] == "advanced_bioconductor_workflow-0.dag.lock"
08/01/16 10:22:40 argv[3] == "-AutoRescue"
08/01/16 10:22:40 argv[4] == "1"
08/01/16 10:22:40 argv[5] == "-DoRescueFrom"
08/01/16 10:22:40 argv[6] == "0"
08/01/16 10:22:40 argv[7] == "-Dag"
08/01/16 10:22:40 argv[8] == "advanced_bioconductor_workflow-0.dag"
08/01/16 10:22:40 argv[9] == "-MaxJobs"
08/01/16 10:22:40 argv[10] == "1"
08/01/16 10:22:40 argv[11] == "-MaxPost"
08/01/16 10:22:40 argv[12] == "20"
08/01/16 10:22:40 argv[13] == "-Suppress_notification"
08/01/16 10:22:40 argv[14] == "-CsdVersion"
08/01/16 10:22:40 argv[15] == "$CondorVersion: 8.4.7 Jun 03 2016 BuildID: 369249 $"
08/01/16 10:22:40 argv[16] == "-Dagman"
08/01/16 10:22:40 argv[17] == "/usr/bin/condor_dagman"
08/01/16 10:22:40 Warning: failed to get attribute DAGNodeName
08/01/16 10:22:40 DAGMAN_LOG_ON_NFS_IS_ERROR setting: False
08/01/16 10:22:40 Default node log file is: </scratch/advanced_bioconductor_workflow/submit/samrat/pegasus/advanced_bioconductor_workflow/run0004/./advanced_bioconductor_workflow-0.dag.nodes.log>
08/01/16 10:22:40 DAG Lockfile will be written to advanced_bioconductor_workflow-0.dag.lock
08/01/16 10:22:40 DAG Input file is advanced_bioconductor_workflow-0.dag
08/01/16 10:22:40 Parsing 1 dagfiles
08/01/16 10:22:40 Parsing advanced_bioconductor_workflow-0.dag ...
08/01/16 10:22:40 Warning: category stage-out has no throttle value set
08/01/16 10:22:40 Warning: category stage-in has no throttle value set
08/01/16 10:22:40 Dag contains 86 total jobs
08/01/16 10:22:40 Sleeping for 3 seconds to ensure ProcessId uniqueness
08/01/16 10:22:43 Bootstrapping...
08/01/16 10:22:43 Number of pre-completed nodes: 0
08/01/16 10:22:43 MultiLogFiles: truncating log file /scratch/advanced_bioconductor_workflow/submit/samrat/pegasus/advanced_bioconductor_workflow/run0004/./advanced_bioconductor_workflow-0.dag.nodes.log
08/01/16 10:22:43 DAG status: 0 (DAG_STATUS_OK)
08/01/16 10:22:43 Of 86 nodes total:
08/01/16 10:22:43  Done     Pre   Queued    Post   Ready   Un-Ready   Failed
08/01/16 10:22:43   ===     ===      ===     ===     ===        ===      ===
08/01/16 10:22:43     0       0        0       0       1         85        0
08/01/16 10:22:43 0 job proc(s) currently held
08/01/16 10:22:43 Registering condor_event_timer...
08/01/16 10:22:44 Submitting Condor Node create_dir_advanced_bioconductor_workflow_0_local job(s)...
08/01/16 10:22:44 Adding a DAGMan workflow log /scratch/advanced_bioconductor_workflow/submit/samrat/pegasus/advanced_bioconductor_workflow/run0004/./advanced_bioconductor_workflow-0.dag.nodes.log
08/01/16 10:22:44 Masking the events recorded in the DAGMAN workflow log
08/01/16 10:22:44 Mask for workflow log is 0,1,2,4,5,7,9,10,11,12,13,16,17,24,27
08/01/16 10:22:44 submitting: /usr/bin/condor_submit -a dag_node_name' '=' 'create_dir_advanced_bioconductor_workflow_0_local -a +DAGManJobId' '=' '170569 -a DAGManJobId' '=' '170569 -a submit_event_notes' '=' 'DAG' 'Node:' 'create_dir_advanced_bioconductor_workflow_0_local -a dagman_log' '=' '/scratch/advanced_bioconductor_workflow/submit/samrat/pegasus/advanced_bioconductor_workflow/run0004/./advanced_bioconductor_workflow-0.dag.nodes.log -a +DAGManNodesMask' '=' '"0,1,2,4,5,7,9,10,11,12,13,16,17,24,27" -a DAG_STATUS' '=' '0 -a FAILED_COUNT' '=' '0 -a +DAGParentNodeNames' '=' '"" -a +KeepClaimIdle' '=' '20 -a notification' '=' 'never create_dir_advanced_bioconductor_workflow_0_local.sub
08/01/16 10:22:44 From submit: Submitting job(s).
08/01/16 10:22:44 From submit: 1 job(s) submitted to cluster 170570.
08/01/16 10:22:44 	assigned Condor ID (170570.0.0)
08/01/16 10:22:44 Just submitted 1 job this cycle...
08/01/16 10:22:44 Currently monitoring 1 Condor log file(s)
08/01/16 10:22:44 Reassigning the id of job create_dir_advanced_bioconductor_workflow_0_local from (170570.0.0) to (170570.0.0)
08/01/16 10:22:44 Event: ULOG_SUBMIT for Condor Node create_dir_advanced_bioconductor_workflow_0_local (170570.0.0)
08/01/16 10:22:44 Number of idle job procs: 1
08/01/16 10:22:44 DAG status: 0 (DAG_STATUS_OK)
08/01/16 10:22:44 Of 86 nodes total:
08/01/16 10:22:44  Done     Pre   Queued    Post   Ready   Un-Ready   Failed
08/01/16 10:22:44   ===     ===      ===     ===     ===        ===      ===
08/01/16 10:22:44     0       0        1       0       0         85        0
08/01/16 10:22:44 0 job proc(s) currently held
08/01/16 10:22:49 Currently monitoring 1 Condor log file(s)
08/01/16 10:22:49 Event: ULOG_EXECUTE for Condor Node create_dir_advanced_bioconductor_workflow_0_local (170570.0.0)
08/01/16 10:22:49 Number of idle job procs: 0
08/01/16 10:22:54 Currently monitoring 1 Condor log file(s)
08/01/16 10:22:54 Event: ULOG_JOB_TERMINATED for Condor Node create_dir_advanced_bioconductor_workflow_0_local (170570.0.0)
08/01/16 10:22:54 Number of idle job procs: 0
08/01/16 10:22:54 Node create_dir_advanced_bioconductor_workflow_0_local job proc (170570.0.0) completed successfully.
08/01/16 10:22:54 Node create_dir_advanced_bioconductor_workflow_0_local job completed
08/01/16 10:22:54 Running POST script of Node create_dir_advanced_bioconductor_workflow_0_local...
08/01/16 10:22:54 Warning: mysin has length 0 (ignore if produced by DAGMan; see gittrac #4987, #5031)
08/01/16 10:22:54 DAG status: 0 (DAG_STATUS_OK)
08/01/16 10:22:54 Of 86 nodes total:
08/01/16 10:22:54  Done     Pre   Queued    Post   Ready   Un-Ready   Failed
08/01/16 10:22:54   ===     ===      ===     ===     ===        ===      ===
08/01/16 10:22:54     0       0        0       1       0         85        0
08/01/16 10:22:54 0 job proc(s) currently held
08/01/16 10:22:54 Initializing user log writer for /scratch/advanced_bioconductor_workflow/submit/samrat/pegasus/advanced_bioconductor_workflow/run0004/./advanced_bioconductor_workflow-0.dag.nodes.log, (170570.0.0)
08/01/16 10:22:59 Currently monitoring 1 Condor log file(s)
08/01/16 10:22:59 Event: ULOG_POST_SCRIPT_TERMINATED for Condor Node create_dir_advanced_bioconductor_workflow_0_local (170570.0.0)
08/01/16 10:22:59 POST Script of Node create_dir_advanced_bioconductor_workflow_0_local completed successfully.
08/01/16 10:22:59 DAG status: 0 (DAG_STATUS_OK)
08/01/16 10:22:59 Of 86 nodes total:
08/01/16 10:22:59  Done     Pre   Queued    Post   Ready   Un-Ready   Failed
08/01/16 10:22:59   ===     ===      ===     ===     ===        ===      ===
08/01/16 10:22:59     1       0        0       0       4         81        0
08/01/16 10:22:59 0 job proc(s) currently held
08/01/16 10:23:04 Submitting Condor Node stage_in_remote_local_0_1 job(s)...
08/01/16 10:23:04 Adding a DAGMan workflow log /scratch/advanced_bioconductor_workflow/submit/samrat/pegasus/advanced_bioconductor_workflow/run0004/./advanced_bioconductor_workflow-0.dag.nodes.log
08/01/16 10:23:04 Masking the events recorded in the DAGMAN workflow log
08/01/16 10:23:04 Mask for workflow log is 0,1,2,4,5,7,9,10,11,12,13,16,17,24,27
08/01/16 10:23:04 submitting: /usr/bin/condor_submit -a dag_node_name' '=' 'stage_in_remote_local_0_1 -a +DAGManJobId' '=' '170569 -a DAGManJobId' '=' '170569 -a submit_event_notes' '=' 'DAG' 'Node:' 'stage_in_remote_local_0_1 -a dagman_log' '=' '/scratch/advanced_bioconductor_workflow/submit/samrat/pegasus/advanced_bioconductor_workflow/run0004/./advanced_bioconductor_workflow-0.dag.nodes.log -a +DAGManNodesMask' '=' '"0,1,2,4,5,7,9,10,11,12,13,16,17,24,27" -a DAG_STATUS' '=' '0 -a FAILED_COUNT' '=' '0 -a +DAGParentNodeNames' '=' '"create_dir_advanced_bioconductor_workflow_0_local" -a +KeepClaimIdle' '=' '20 -a notification' '=' 'never stage_in_remote_local_0_1.sub
08/01/16 10:23:04 From submit: Submitting job(s).
08/01/16 10:23:04 From submit: 1 job(s) submitted to cluster 170571.
08/01/16 10:23:04 	assigned Condor ID (170571.0.0)
08/01/16 10:23:04 Just submitted 1 job this cycle...
08/01/16 10:23:04 Currently monitoring 1 Condor log file(s)
08/01/16 10:23:04 Reassigning the id of job stage_in_remote_local_0_1 from (170571.0.0) to (170571.0.0)
08/01/16 10:23:04 Event: ULOG_SUBMIT for Condor Node stage_in_remote_local_0_1 (170571.0.0)
08/01/16 10:23:04 Number of idle job procs: 1
08/01/16 10:23:04 DAG status: 0 (DAG_STATUS_OK)
08/01/16 10:23:04 Of 86 nodes total:
08/01/16 10:23:04  Done     Pre   Queued    Post   Ready   Un-Ready   Failed
08/01/16 10:23:04   ===     ===      ===     ===     ===        ===      ===
08/01/16 10:23:04     1       0        1       0       3         81        0
08/01/16 10:23:04 0 job proc(s) currently held
08/01/16 10:23:04 Note: 3 total job deferrals because of -MaxJobs limit (1)
08/01/16 10:23:09 Currently monitoring 1 Condor log file(s)
08/01/16 10:23:09 Event: ULOG_EXECUTE for Condor Node stage_in_remote_local_0_1 (170571.0.0)
08/01/16 10:23:09 Number of idle job procs: 0
08/01/16 10:23:09 Event: ULOG_JOB_TERMINATED for Condor Node stage_in_remote_local_0_1 (170571.0.0)
08/01/16 10:23:09 Number of idle job procs: 0
08/01/16 10:23:09 Node stage_in_remote_local_0_1 job proc (170571.0.0) completed successfully.
08/01/16 10:23:09 Node stage_in_remote_local_0_1 job completed
08/01/16 10:23:09 Running POST script of Node stage_in_remote_local_0_1...
08/01/16 10:23:09 Warning: mysin has length 0 (ignore if produced by DAGMan; see gittrac #4987, #5031)
08/01/16 10:23:09 DAG status: 0 (DAG_STATUS_OK)
08/01/16 10:23:09 Of 86 nodes total:
08/01/16 10:23:09  Done     Pre   Queued    Post   Ready   Un-Ready   Failed
08/01/16 10:23:09   ===     ===      ===     ===     ===        ===      ===
08/01/16 10:23:09     1       0        0       1       3         81        0
08/01/16 10:23:09 0 job proc(s) currently held
08/01/16 10:23:09 Note: 6 total job deferrals because of -MaxJobs limit (1)
08/01/16 10:23:09 Initializing user log writer for /scratch/advanced_bioconductor_workflow/submit/samrat/pegasus/advanced_bioconductor_workflow/run0004/./advanced_bioconductor_workflow-0.dag.nodes.log, (170571.0.0)
08/01/16 10:23:14 Submitting Condor Node stage_in_remote_local_0_0 job(s)...
08/01/16 10:23:14 Adding a DAGMan workflow log /scratch/advanced_bioconductor_workflow/submit/samrat/pegasus/advanced_bioconductor_workflow/run0004/./advanced_bioconductor_workflow-0.dag.nodes.log
08/01/16 10:23:14 Masking the events recorded in the DAGMAN workflow log
08/01/16 10:23:14 Mask for workflow log is 0,1,2,4,5,7,9,10,11,12,13,16,17,24,27
08/01/16 10:23:14 submitting: /usr/bin/condor_submit -a dag_node_name' '=' 'stage_in_remote_local_0_0 -a +DAGManJobId' '=' '170569 -a DAGManJobId' '=' '170569 -a submit_event_notes' '=' 'DAG' 'Node:' 'stage_in_remote_local_0_0 -a dagman_log' '=' '/scratch/advanced_bioconductor_workflow/submit/samrat/pegasus/advanced_bioconductor_workflow/run0004/./advanced_bioconductor_workflow-0.dag.nodes.log -a +DAGManNodesMask' '=' '"0,1,2,4,5,7,9,10,11,12,13,16,17,24,27" -a DAG_STATUS' '=' '0 -a FAILED_COUNT' '=' '0 -a +DAGParentNodeNames' '=' '"create_dir_advanced_bioconductor_workflow_0_local" -a +KeepClaimIdle' '=' '20 -a notification' '=' 'never stage_in_remote_local_0_0.sub
08/01/16 10:23:14 From submit: Submitting job(s).
08/01/16 10:23:14 From submit: 1 job(s) submitted to cluster 170572.
08/01/16 10:23:14 	assigned Condor ID (170572.0.0)
08/01/16 10:23:14 Just submitted 1 job this cycle...
08/01/16 10:23:14 Currently monitoring 1 Condor log file(s)
08/01/16 10:23:14 Event: ULOG_POST_SCRIPT_TERMINATED for Condor Node stage_in_remote_local_0_1 (170571.0.0)
08/01/16 10:23:14 POST Script of Node stage_in_remote_local_0_1 completed successfully.
08/01/16 10:23:14 Reassigning the id of job stage_in_remote_local_0_0 from (170572.0.0) to (170572.0.0)
08/01/16 10:23:14 Event: ULOG_SUBMIT for Condor Node stage_in_remote_local_0_0 (170572.0.0)
08/01/16 10:23:14 Number of idle job procs: 1
08/01/16 10:23:14 DAG status: 0 (DAG_STATUS_OK)
08/01/16 10:23:14 Of 86 nodes total:
08/01/16 10:23:14  Done     Pre   Queued    Post   Ready   Un-Ready   Failed
08/01/16 10:23:14   ===     ===      ===     ===     ===        ===      ===
08/01/16 10:23:14     2       0        1       0       3         80        0
08/01/16 10:23:14 0 job proc(s) currently held
08/01/16 10:23:14 Note: 8 total job deferrals because of -MaxJobs limit (1)
08/01/16 10:23:19 Currently monitoring 1 Condor log file(s)
08/01/16 10:23:19 Event: ULOG_EXECUTE for Condor Node stage_in_remote_local_0_0 (170572.0.0)
08/01/16 10:23:19 Number of idle job procs: 0
08/01/16 10:23:19 Event: ULOG_JOB_TERMINATED for Condor Node stage_in_remote_local_0_0 (170572.0.0)
08/01/16 10:23:19 Number of idle job procs: 0
08/01/16 10:23:19 Node stage_in_remote_local_0_0 job proc (170572.0.0) completed successfully.
08/01/16 10:23:19 Node stage_in_remote_local_0_0 job completed
08/01/16 10:23:19 Running POST script of Node stage_in_remote_local_0_0...
08/01/16 10:23:19 Warning: mysin has length 0 (ignore if produced by DAGMan; see gittrac #4987, #5031)
08/01/16 10:23:19 DAG status: 0 (DAG_STATUS_OK)
08/01/16 10:23:19 Of 86 nodes total:
08/01/16 10:23:19  Done     Pre   Queued    Post   Ready   Un-Ready   Failed
08/01/16 10:23:19   ===     ===      ===     ===     ===        ===      ===
08/01/16 10:23:19     2       0        0       1       3         80        0
08/01/16 10:23:19 0 job proc(s) currently held
08/01/16 10:23:19 Note: 11 total job deferrals because of -MaxJobs limit (1)
08/01/16 10:23:19 Initializing user log writer for /scratch/advanced_bioconductor_workflow/submit/samrat/pegasus/advanced_bioconductor_workflow/run0004/./advanced_bioconductor_workflow-0.dag.nodes.log, (170572.0.0)
08/01/16 10:23:24 Submitting Condor Node stage_in_remote_local_8_0 job(s)...
08/01/16 10:23:24 Adding a DAGMan workflow log /scratch/advanced_bioconductor_workflow/submit/samrat/pegasus/advanced_bioconductor_workflow/run0004/./advanced_bioconductor_workflow-0.dag.nodes.log
08/01/16 10:23:24 Masking the events recorded in the DAGMAN workflow log
08/01/16 10:23:24 Mask for workflow log is 0,1,2,4,5,7,9,10,11,12,13,16,17,24,27
08/01/16 10:23:24 submitting: /usr/bin/condor_submit -a dag_node_name' '=' 'stage_in_remote_local_8_0 -a +DAGManJobId' '=' '170569 -a DAGManJobId' '=' '170569 -a submit_event_notes' '=' 'DAG' 'Node:' 'stage_in_remote_local_8_0 -a dagman_log' '=' '/scratch/advanced_bioconductor_workflow/submit/samrat/pegasus/advanced_bioconductor_workflow/run0004/./advanced_bioconductor_workflow-0.dag.nodes.log -a +DAGManNodesMask' '=' '"0,1,2,4,5,7,9,10,11,12,13,16,17,24,27" -a DAG_STATUS' '=' '0 -a FAILED_COUNT' '=' '0 -a +DAGParentNodeNames' '=' '"create_dir_advanced_bioconductor_workflow_0_local" -a +KeepClaimIdle' '=' '20 -a notification' '=' 'never stage_in_remote_local_8_0.sub
08/01/16 10:23:25 From submit: Submitting job(s).
08/01/16 10:23:25 From submit: 1 job(s) submitted to cluster 170573.
08/01/16 10:23:25 	assigned Condor ID (170573.0.0)
08/01/16 10:23:25 Just submitted 1 job this cycle...
08/01/16 10:23:25 Currently monitoring 1 Condor log file(s)
08/01/16 10:23:25 Event: ULOG_POST_SCRIPT_TERMINATED for Condor Node stage_in_remote_local_0_0 (170572.0.0)
08/01/16 10:23:25 POST Script of Node stage_in_remote_local_0_0 completed successfully.
08/01/16 10:23:25 Reassigning the id of job stage_in_remote_local_8_0 from (170573.0.0) to (170573.0.0)
08/01/16 10:23:25 Event: ULOG_SUBMIT for Condor Node stage_in_remote_local_8_0 (170573.0.0)
08/01/16 10:23:25 Number of idle job procs: 1
08/01/16 10:23:25 DAG status: 0 (DAG_STATUS_OK)
08/01/16 10:23:25 Of 86 nodes total:
08/01/16 10:23:25  Done     Pre   Queued    Post   Ready   Un-Ready   Failed
08/01/16 10:23:25   ===     ===      ===     ===     ===        ===      ===
08/01/16 10:23:25     3       0        1       0       3         79        0
08/01/16 10:23:25 0 job proc(s) currently held
08/01/16 10:23:25 Note: 13 total job deferrals because of -MaxJobs limit (1)
08/01/16 10:23:30 Currently monitoring 1 Condor log file(s)
08/01/16 10:23:30 Event: ULOG_EXECUTE for Condor Node stage_in_remote_local_8_0 (170573.0.0)
08/01/16 10:23:30 Number of idle job procs: 0
08/01/16 10:23:30 Event: ULOG_JOB_TERMINATED for Condor Node stage_in_remote_local_8_0 (170573.0.0)
08/01/16 10:23:30 Number of idle job procs: 0
08/01/16 10:23:30 Node stage_in_remote_local_8_0 job proc (170573.0.0) completed successfully.
08/01/16 10:23:30 Node stage_in_remote_local_8_0 job completed
08/01/16 10:23:30 Running POST script of Node stage_in_remote_local_8_0...
08/01/16 10:23:30 Warning: mysin has length 0 (ignore if produced by DAGMan; see gittrac #4987, #5031)
08/01/16 10:23:30 DAG status: 0 (DAG_STATUS_OK)
08/01/16 10:23:30 Of 86 nodes total:
08/01/16 10:23:30  Done     Pre   Queued    Post   Ready   Un-Ready   Failed
08/01/16 10:23:30   ===     ===      ===     ===     ===        ===      ===
08/01/16 10:23:30     3       0        0       1       3         79        0
08/01/16 10:23:30 0 job proc(s) currently held
08/01/16 10:23:30 Note: 16 total job deferrals because of -MaxJobs limit (1)
08/01/16 10:23:30 Initializing user log writer for /scratch/advanced_bioconductor_workflow/submit/samrat/pegasus/advanced_bioconductor_workflow/run0004/./advanced_bioconductor_workflow-0.dag.nodes.log, (170573.0.0)
08/01/16 10:23:35 Submitting Condor Node stage_in_remote_local_7_0 job(s)...
08/01/16 10:23:35 Adding a DAGMan workflow log /scratch/advanced_bioconductor_workflow/submit/samrat/pegasus/advanced_bioconductor_workflow/run0004/./advanced_bioconductor_workflow-0.dag.nodes.log
08/01/16 10:23:35 Masking the events recorded in the DAGMAN workflow log
08/01/16 10:23:35 Mask for workflow log is 0,1,2,4,5,7,9,10,11,12,13,16,17,24,27
08/01/16 10:23:35 submitting: /usr/bin/condor_submit -a dag_node_name' '=' 'stage_in_remote_local_7_0 -a +DAGManJobId' '=' '170569 -a DAGManJobId' '=' '170569 -a submit_event_notes' '=' 'DAG' 'Node:' 'stage_in_remote_local_7_0 -a dagman_log' '=' '/scratch/advanced_bioconductor_workflow/submit/samrat/pegasus/advanced_bioconductor_workflow/run0004/./advanced_bioconductor_workflow-0.dag.nodes.log -a +DAGManNodesMask' '=' '"0,1,2,4,5,7,9,10,11,12,13,16,17,24,27" -a DAG_STATUS' '=' '0 -a FAILED_COUNT' '=' '0 -a +DAGParentNodeNames' '=' '"create_dir_advanced_bioconductor_workflow_0_local" -a +KeepClaimIdle' '=' '20 -a notification' '=' 'never stage_in_remote_local_7_0.sub
08/01/16 10:23:35 From submit: Submitting job(s).
08/01/16 10:23:35 From submit: 1 job(s) submitted to cluster 170574.
08/01/16 10:23:35 	assigned Condor ID (170574.0.0)
08/01/16 10:23:35 Just submitted 1 job this cycle...
08/01/16 10:23:35 Currently monitoring 1 Condor log file(s)
08/01/16 10:23:35 Event: ULOG_POST_SCRIPT_TERMINATED for Condor Node stage_in_remote_local_8_0 (170573.0.0)
08/01/16 10:23:35 POST Script of Node stage_in_remote_local_8_0 completed successfully.
08/01/16 10:23:35 Reassigning the id of job stage_in_remote_local_7_0 from (170574.0.0) to (170574.0.0)
08/01/16 10:23:35 Event: ULOG_SUBMIT for Condor Node stage_in_remote_local_7_0 (170574.0.0)
08/01/16 10:23:35 Number of idle job procs: 1
08/01/16 10:23:35 DAG status: 0 (DAG_STATUS_OK)
08/01/16 10:23:35 Of 86 nodes total:
08/01/16 10:23:35  Done     Pre   Queued    Post   Ready   Un-Ready   Failed
08/01/16 10:23:35   ===     ===      ===     ===     ===        ===      ===
08/01/16 10:23:35     4       0        1       0       2         79        0
08/01/16 10:23:35 0 job proc(s) currently held
08/01/16 10:23:35 Note: 18 total job deferrals because of -MaxJobs limit (1)
08/01/16 10:23:40 Currently monitoring 1 Condor log file(s)
08/01/16 10:23:40 Event: ULOG_EXECUTE for Condor Node stage_in_remote_local_7_0 (170574.0.0)
08/01/16 10:23:40 Number of idle job procs: 0
08/01/16 10:23:40 Event: ULOG_JOB_TERMINATED for Condor Node stage_in_remote_local_7_0 (170574.0.0)
08/01/16 10:23:40 Number of idle job procs: 0
08/01/16 10:23:40 Node stage_in_remote_local_7_0 job proc (170574.0.0) completed successfully.
08/01/16 10:23:40 Node stage_in_remote_local_7_0 job completed
08/01/16 10:23:40 Running POST script of Node stage_in_remote_local_7_0...
08/01/16 10:23:40 Warning: mysin has length 0 (ignore if produced by DAGMan; see gittrac #4987, #5031)
08/01/16 10:23:40 DAG status: 0 (DAG_STATUS_OK)
08/01/16 10:23:40 Of 86 nodes total:
08/01/16 10:23:40  Done     Pre   Queued    Post   Ready   Un-Ready   Failed
08/01/16 10:23:40   ===     ===      ===     ===     ===        ===      ===
08/01/16 10:23:40     4       0        0       1       2         79        0
08/01/16 10:23:40 0 job proc(s) currently held
08/01/16 10:23:40 Note: 20 total job deferrals because of -MaxJobs limit (1)
08/01/16 10:23:40 Initializing user log writer for /scratch/advanced_bioconductor_workflow/submit/samrat/pegasus/advanced_bioconductor_workflow/run0004/./advanced_bioconductor_workflow-0.dag.nodes.log, (170574.0.0)
08/01/16 10:23:45 Submitting Condor Node e.preprocess_ID0000001 job(s)...
08/01/16 10:23:45 Adding a DAGMan workflow log /scratch/advanced_bioconductor_workflow/submit/samrat/pegasus/advanced_bioconductor_workflow/run0004/./advanced_bioconductor_workflow-0.dag.nodes.log
08/01/16 10:23:45 Masking the events recorded in the DAGMAN workflow log
08/01/16 10:23:45 Mask for workflow log is 0,1,2,4,5,7,9,10,11,12,13,16,17,24,27
08/01/16 10:23:45 submitting: /usr/bin/condor_submit -a dag_node_name' '=' 'e.preprocess_ID0000001 -a +DAGManJobId' '=' '170569 -a DAGManJobId' '=' '170569 -a submit_event_notes' '=' 'DAG' 'Node:' 'e.preprocess_ID0000001 -a dagman_log' '=' '/scratch/advanced_bioconductor_workflow/submit/samrat/pegasus/advanced_bioconductor_workflow/run0004/./advanced_bioconductor_workflow-0.dag.nodes.log -a +DAGManNodesMask' '=' '"0,1,2,4,5,7,9,10,11,12,13,16,17,24,27" -a DAG_STATUS' '=' '0 -a FAILED_COUNT' '=' '0 -a +DAGParentNodeNames' '=' '"stage_in_remote_local_0_1" -a +KeepClaimIdle' '=' '20 -a notification' '=' 'never e.preprocess_ID0000001.sub
08/01/16 10:23:45 From submit: Submitting job(s).
08/01/16 10:23:45 From submit: 1 job(s) submitted to cluster 170575.
08/01/16 10:23:45 	assigned Condor ID (170575.0.0)
08/01/16 10:23:45 Just submitted 1 job this cycle...
08/01/16 10:23:45 Currently monitoring 1 Condor log file(s)
08/01/16 10:23:45 Event: ULOG_POST_SCRIPT_TERMINATED for Condor Node stage_in_remote_local_7_0 (170574.0.0)
08/01/16 10:23:45 POST Script of Node stage_in_remote_local_7_0 completed successfully.
08/01/16 10:23:45 Reassigning the id of job e.preprocess_ID0000001 from (170575.0.0) to (170575.0.0)
08/01/16 10:23:45 Event: ULOG_SUBMIT for Condor Node e.preprocess_ID0000001 (170575.0.0)
08/01/16 10:23:45 Number of idle job procs: 1
08/01/16 10:23:45 DAG status: 0 (DAG_STATUS_OK)
08/01/16 10:23:45 Of 86 nodes total:
08/01/16 10:23:45  Done     Pre   Queued    Post   Ready   Un-Ready   Failed
08/01/16 10:23:45   ===     ===      ===     ===     ===        ===      ===
08/01/16 10:23:45     5       0        1       0       1         79        0
08/01/16 10:23:45 0 job proc(s) currently held
08/01/16 10:23:45 Note: 21 total job deferrals because of -MaxJobs limit (1)
08/01/16 10:23:50 Currently monitoring 1 Condor log file(s)
08/01/16 10:23:50 Event: ULOG_EXECUTE for Condor Node e.preprocess_ID0000001 (170575.0.0)
08/01/16 10:23:50 Number of idle job procs: 0
08/01/16 10:24:20 Currently monitoring 1 Condor log file(s)
08/01/16 10:24:20 Event: ULOG_JOB_TERMINATED for Condor Node e.preprocess_ID0000001 (170575.0.0)
08/01/16 10:24:20 Number of idle job procs: 0
08/01/16 10:24:20 Node e.preprocess_ID0000001 job proc (170575.0.0) completed successfully.
08/01/16 10:24:20 Node e.preprocess_ID0000001 job completed
08/01/16 10:24:20 Running POST script of Node e.preprocess_ID0000001...
08/01/16 10:24:20 Warning: mysin has length 0 (ignore if produced by DAGMan; see gittrac #4987, #5031)
08/01/16 10:24:20 DAG status: 0 (DAG_STATUS_OK)
08/01/16 10:24:20 Of 86 nodes total:
08/01/16 10:24:20  Done     Pre   Queued    Post   Ready   Un-Ready   Failed
08/01/16 10:24:20   ===     ===      ===     ===     ===        ===      ===
08/01/16 10:24:20     5       0        0       1       1         79        0
08/01/16 10:24:20 0 job proc(s) currently held
08/01/16 10:24:20 Note: 28 total job deferrals because of -MaxJobs limit (1)
08/01/16 10:24:21 Initializing user log writer for /scratch/advanced_bioconductor_workflow/submit/samrat/pegasus/advanced_bioconductor_workflow/run0004/./advanced_bioconductor_workflow-0.dag.nodes.log, (170575.0.0)
08/01/16 10:24:26 Submitting Condor Node e.count_ID0000002 job(s)...
08/01/16 10:24:26 Adding a DAGMan workflow log /scratch/advanced_bioconductor_workflow/submit/samrat/pegasus/advanced_bioconductor_workflow/run0004/./advanced_bioconductor_workflow-0.dag.nodes.log
08/01/16 10:24:26 Masking the events recorded in the DAGMAN workflow log
08/01/16 10:24:26 Mask for workflow log is 0,1,2,4,5,7,9,10,11,12,13,16,17,24,27
08/01/16 10:24:26 submitting: /usr/bin/condor_submit -a dag_node_name' '=' 'e.count_ID0000002 -a +DAGManJobId' '=' '170569 -a DAGManJobId' '=' '170569 -a submit_event_notes' '=' 'DAG' 'Node:' 'e.count_ID0000002 -a dagman_log' '=' '/scratch/advanced_bioconductor_workflow/submit/samrat/pegasus/advanced_bioconductor_workflow/run0004/./advanced_bioconductor_workflow-0.dag.nodes.log -a +DAGManNodesMask' '=' '"0,1,2,4,5,7,9,10,11,12,13,16,17,24,27" -a DAG_STATUS' '=' '0 -a FAILED_COUNT' '=' '0 -a +DAGParentNodeNames' '=' '"stage_in_remote_local_0_1,stage_in_remote_local_0_0" -a +KeepClaimIdle' '=' '20 -a notification' '=' 'never e.count_ID0000002.sub
08/01/16 10:24:26 From submit: Submitting job(s).
08/01/16 10:24:26 From submit: 1 job(s) submitted to cluster 170576.
08/01/16 10:24:26 	assigned Condor ID (170576.0.0)
08/01/16 10:24:26 Just submitted 1 job this cycle...
08/01/16 10:24:26 Currently monitoring 1 Condor log file(s)
08/01/16 10:24:26 Event: ULOG_POST_SCRIPT_TERMINATED for Condor Node e.preprocess_ID0000001 (170575.0.0)
08/01/16 10:24:26 POST Script of Node e.preprocess_ID0000001 completed successfully.
08/01/16 10:24:26 Reassigning the id of job e.count_ID0000002 from (170576.0.0) to (170576.0.0)
08/01/16 10:24:26 Event: ULOG_SUBMIT for Condor Node e.count_ID0000002 (170576.0.0)
08/01/16 10:24:26 Number of idle job procs: 1
08/01/16 10:24:26 DAG status: 0 (DAG_STATUS_OK)
08/01/16 10:24:26 Of 86 nodes total:
08/01/16 10:24:26  Done     Pre   Queued    Post   Ready   Un-Ready   Failed
08/01/16 10:24:26   ===     ===      ===     ===     ===        ===      ===
08/01/16 10:24:26     6       0        1       0       5         74        0
08/01/16 10:24:26 0 job proc(s) currently held
08/01/16 10:24:26 Note: 28 total job deferrals because of -MaxJobs limit (1)
08/01/16 10:24:31 Currently monitoring 1 Condor log file(s)
08/01/16 10:24:31 Event: ULOG_EXECUTE for Condor Node e.count_ID0000002 (170576.0.0)
08/01/16 10:24:31 Number of idle job procs: 0
08/01/16 10:30:27 Currently monitoring 1 Condor log file(s)
08/01/16 10:30:27 Event: ULOG_JOB_TERMINATED for Condor Node e.count_ID0000002 (170576.0.0)
08/01/16 10:30:27 Number of idle job procs: 0
08/01/16 10:30:27 Node e.count_ID0000002 job proc (170576.0.0) completed successfully.
08/01/16 10:30:27 Node e.count_ID0000002 job completed
08/01/16 10:30:27 Running POST script of Node e.count_ID0000002...
08/01/16 10:30:27 Warning: mysin has length 0 (ignore if produced by DAGMan; see gittrac #4987, #5031)
08/01/16 10:30:28 DAG status: 0 (DAG_STATUS_OK)
08/01/16 10:30:28 Of 86 nodes total:
08/01/16 10:30:28  Done     Pre   Queued    Post   Ready   Un-Ready   Failed
08/01/16 10:30:28   ===     ===      ===     ===     ===        ===      ===
08/01/16 10:30:28     6       0        0       1       5         74        0
08/01/16 10:30:28 0 job proc(s) currently held
08/01/16 10:30:28 Note: 388 total job deferrals because of -MaxJobs limit (1)
08/01/16 10:30:29 Initializing user log writer for /scratch/advanced_bioconductor_workflow/submit/samrat/pegasus/advanced_bioconductor_workflow/run0004/./advanced_bioconductor_workflow-0.dag.nodes.log, (170576.0.0)
08/01/16 10:30:33 Submitting Condor Node e.qc1.1_ID0000003 job(s)...
08/01/16 10:30:33 Adding a DAGMan workflow log /scratch/advanced_bioconductor_workflow/submit/samrat/pegasus/advanced_bioconductor_workflow/run0004/./advanced_bioconductor_workflow-0.dag.nodes.log
08/01/16 10:30:33 Masking the events recorded in the DAGMAN workflow log
08/01/16 10:30:33 Mask for workflow log is 0,1,2,4,5,7,9,10,11,12,13,16,17,24,27
08/01/16 10:30:33 submitting: /usr/bin/condor_submit -a dag_node_name' '=' 'e.qc1.1_ID0000003 -a +DAGManJobId' '=' '170569 -a DAGManJobId' '=' '170569 -a submit_event_notes' '=' 'DAG' 'Node:' 'e.qc1.1_ID0000003 -a dagman_log' '=' '/scratch/advanced_bioconductor_workflow/submit/samrat/pegasus/advanced_bioconductor_workflow/run0004/./advanced_bioconductor_workflow-0.dag.nodes.log -a +DAGManNodesMask' '=' '"0,1,2,4,5,7,9,10,11,12,13,16,17,24,27" -a DAG_STATUS' '=' '0 -a FAILED_COUNT' '=' '0 -a +DAGParentNodeNames' '=' '"e.preprocess_ID0000001" -a +KeepClaimIdle' '=' '20 -a notification' '=' 'never e.qc1.1_ID0000003.sub
08/01/16 10:30:34 From submit: Submitting job(s).
08/01/16 10:30:34 From submit: 1 job(s) submitted to cluster 170577.
08/01/16 10:30:34 	assigned Condor ID (170577.0.0)
08/01/16 10:30:34 Just submitted 1 job this cycle...
08/01/16 10:30:34 Currently monitoring 1 Condor log file(s)
08/01/16 10:30:34 Event: ULOG_POST_SCRIPT_TERMINATED for Condor Node e.count_ID0000002 (170576.0.0)
08/01/16 10:30:34 POST Script of Node e.count_ID0000002 completed successfully.
08/01/16 10:30:34 Reassigning the id of job e.qc1.1_ID0000003 from (170577.0.0) to (170577.0.0)
08/01/16 10:30:34 Event: ULOG_SUBMIT for Condor Node e.qc1.1_ID0000003 (170577.0.0)
08/01/16 10:30:34 Number of idle job procs: 1
08/01/16 10:30:34 DAG status: 0 (DAG_STATUS_OK)
08/01/16 10:30:34 Of 86 nodes total:
08/01/16 10:30:34  Done     Pre   Queued    Post   Ready   Un-Ready   Failed
08/01/16 10:30:34   ===     ===      ===     ===     ===        ===      ===
08/01/16 10:30:34     7       0        1       0       9         69        0
08/01/16 10:30:34 0 job proc(s) currently held
08/01/16 10:30:34 Note: 392 total job deferrals because of -MaxJobs limit (1)
08/01/16 10:30:40 Currently monitoring 1 Condor log file(s)
08/01/16 10:30:40 Event: ULOG_EXECUTE for Condor Node e.qc1.1_ID0000003 (170577.0.0)
08/01/16 10:30:40 Number of idle job procs: 0
08/01/16 10:31:02 Received SIGUSR1
08/01/16 10:31:02 Aborting DAG...
08/01/16 10:31:02 Writing Rescue DAG to advanced_bioconductor_workflow-0.dag.rescue001...
08/01/16 10:31:02 Removing submitted jobs...
08/01/16 10:31:02 Note: 437 total job deferrals because of -MaxJobs limit (1)
08/01/16 10:31:02 Note: 0 total job deferrals because of -MaxIdle limit (1000)
08/01/16 10:31:02 Note: 0 total job deferrals because of node category throttles
08/01/16 10:31:02 Note: 0 total PRE script deferrals because of -MaxPre limit (20) or DEFER
08/01/16 10:31:02 Note: 0 total POST script deferrals because of -MaxPost limit (20) or DEFER
08/01/16 10:31:02 DAG status: 4 (DAG_STATUS_RM)
08/01/16 10:31:02 Of 86 nodes total:
08/01/16 10:31:02  Done     Pre   Queued    Post   Ready   Un-Ready   Failed
08/01/16 10:31:02   ===     ===      ===     ===     ===        ===      ===
08/01/16 10:31:02     7       0        1       0       9         69        0
08/01/16 10:31:02 0 job proc(s) currently held
08/01/16 10:31:02 Note: 437 total job deferrals because of -MaxJobs limit (1)
08/01/16 10:31:02 Wrote metrics file advanced_bioconductor_workflow-0.dag.metrics.
08/01/16 10:31:02 Reporting metrics to Pegasus metrics server(s); output is in advanced_bioconductor_workflow-0.dag.metrics.out.
08/01/16 10:31:02 Running command </usr/libexec/condor/condor_dagman_metrics_reporter -f advanced_bioconductor_workflow-0.dag.metrics -s -t 100>
08/01/16 10:31:02 Warning: mysin has length 0 (ignore if produced by DAGMan; see gittrac #4987, #5031)
08/01/16 10:31:03 **** condor_scheduniv_exec.170569.0 (condor_DAGMAN) pid 30349 EXITING WITH STATUS 2
