000 (170570.000.000) 08/01 10:22:44 Job submitted from host: <128.9.132.56:40683?addrs=128.9.132.56-40683>
    DAG Node: create_dir_advanced_bioconductor_workflow_0_local
    pool:local
...
001 (170570.000.000) 08/01 10:22:46 Job executing on host: <128.9.132.56:40968?addrs=128.9.132.56-40968>
...
005 (170570.000.000) 08/01 10:22:50 Job terminated.
	(1) Normal termination (return value 0)
		Usr 0 00:00:00, Sys 0 00:00:00  -  Run Remote Usage
		Usr 0 00:00:00, Sys 0 00:00:00  -  Run Local Usage
		Usr 0 00:00:00, Sys 0 00:00:00  -  Total Remote Usage
		Usr 0 00:00:00, Sys 0 00:00:00  -  Total Local Usage
	0  -  Run Bytes Sent By Job
	0  -  Run Bytes Received By Job
	0  -  Total Bytes Sent By Job
	0  -  Total Bytes Received By Job
...
016 (170570.000.000) 08/01 10:22:54 POST Script terminated.
	(1) Normal termination (return value 0)
    DAG Node: create_dir_advanced_bioconductor_workflow_0_local
...
000 (170571.000.000) 08/01 10:23:04 Job submitted from host: <128.9.132.56:40683?addrs=128.9.132.56-40683>
    DAG Node: stage_in_remote_local_0_1
    pool:local
...
001 (170571.000.000) 08/01 10:23:04 Job executing on host: <128.9.132.56:40202?addrs=128.9.132.56-40202>
...
005 (170571.000.000) 08/01 10:23:08 Job terminated.
	(1) Normal termination (return value 0)
		Usr 0 00:00:00, Sys 0 00:00:00  -  Run Remote Usage
		Usr 0 00:00:00, Sys 0 00:00:00  -  Run Local Usage
		Usr 0 00:00:00, Sys 0 00:00:00  -  Total Remote Usage
		Usr 0 00:00:00, Sys 0 00:00:00  -  Total Local Usage
	0  -  Run Bytes Sent By Job
	0  -  Run Bytes Received By Job
	0  -  Total Bytes Sent By Job
	0  -  Total Bytes Received By Job
...
016 (170571.000.000) 08/01 10:23:09 POST Script terminated.
	(1) Normal termination (return value 0)
    DAG Node: stage_in_remote_local_0_1
...
000 (170572.000.000) 08/01 10:23:14 Job submitted from host: <128.9.132.56:40683?addrs=128.9.132.56-40683>
    DAG Node: stage_in_remote_local_0_0
    pool:local
...
001 (170572.000.000) 08/01 10:23:14 Job executing on host: <128.9.132.56:40787?addrs=128.9.132.56-40787>
...
005 (170572.000.000) 08/01 10:23:19 Job terminated.
	(1) Normal termination (return value 0)
		Usr 0 00:00:00, Sys 0 00:00:00  -  Run Remote Usage
		Usr 0 00:00:00, Sys 0 00:00:00  -  Run Local Usage
		Usr 0 00:00:00, Sys 0 00:00:00  -  Total Remote Usage
		Usr 0 00:00:00, Sys 0 00:00:00  -  Total Local Usage
	0  -  Run Bytes Sent By Job
	0  -  Run Bytes Received By Job
	0  -  Total Bytes Sent By Job
	0  -  Total Bytes Received By Job
...
016 (170572.000.000) 08/01 10:23:19 POST Script terminated.
	(1) Normal termination (return value 0)
    DAG Node: stage_in_remote_local_0_0
...
000 (170573.000.000) 08/01 10:23:24 Job submitted from host: <128.9.132.56:40683?addrs=128.9.132.56-40683>
    DAG Node: stage_in_remote_local_8_0
    pool:local
...
001 (170573.000.000) 08/01 10:23:25 Job executing on host: <128.9.132.56:40112?addrs=128.9.132.56-40112>
...
005 (170573.000.000) 08/01 10:23:28 Job terminated.
	(1) Normal termination (return value 0)
		Usr 0 00:00:00, Sys 0 00:00:00  -  Run Remote Usage
		Usr 0 00:00:00, Sys 0 00:00:00  -  Run Local Usage
		Usr 0 00:00:00, Sys 0 00:00:00  -  Total Remote Usage
		Usr 0 00:00:00, Sys 0 00:00:00  -  Total Local Usage
	0  -  Run Bytes Sent By Job
	0  -  Run Bytes Received By Job
	0  -  Total Bytes Sent By Job
	0  -  Total Bytes Received By Job
...
016 (170573.000.000) 08/01 10:23:30 POST Script terminated.
	(1) Normal termination (return value 0)
    DAG Node: stage_in_remote_local_8_0
...
000 (170574.000.000) 08/01 10:23:35 Job submitted from host: <128.9.132.56:40683?addrs=128.9.132.56-40683>
    DAG Node: stage_in_remote_local_7_0
    pool:local
...
001 (170574.000.000) 08/01 10:23:35 Job executing on host: <128.9.132.56:40292?addrs=128.9.132.56-40292>
...
005 (170574.000.000) 08/01 10:23:38 Job terminated.
	(1) Normal termination (return value 0)
		Usr 0 00:00:00, Sys 0 00:00:00  -  Run Remote Usage
		Usr 0 00:00:00, Sys 0 00:00:00  -  Run Local Usage
		Usr 0 00:00:00, Sys 0 00:00:00  -  Total Remote Usage
		Usr 0 00:00:00, Sys 0 00:00:00  -  Total Local Usage
	0  -  Run Bytes Sent By Job
	0  -  Run Bytes Received By Job
	0  -  Total Bytes Sent By Job
	0  -  Total Bytes Received By Job
...
016 (170574.000.000) 08/01 10:23:40 POST Script terminated.
	(1) Normal termination (return value 0)
    DAG Node: stage_in_remote_local_7_0
...
000 (170575.000.000) 08/01 10:23:45 Job submitted from host: <128.9.132.56:40683?addrs=128.9.132.56-40683>
    DAG Node: e.preprocess_ID0000001
    pool:local
...
001 (170575.000.000) 08/01 10:23:45 Job executing on host: <128.9.132.56:40501?addrs=128.9.132.56-40501>
...
005 (170575.000.000) 08/01 10:24:16 Job terminated.
	(1) Normal termination (return value 0)
		Usr 0 00:00:00, Sys 0 00:00:00  -  Run Remote Usage
		Usr 0 00:00:20, Sys 0 00:00:00  -  Run Local Usage
		Usr 0 00:00:00, Sys 0 00:00:00  -  Total Remote Usage
		Usr 0 00:00:00, Sys 0 00:00:00  -  Total Local Usage
	0  -  Run Bytes Sent By Job
	0  -  Run Bytes Received By Job
	0  -  Total Bytes Sent By Job
	0  -  Total Bytes Received By Job
...
016 (170575.000.000) 08/01 10:24:21 POST Script terminated.
	(1) Normal termination (return value 0)
    DAG Node: e.preprocess_ID0000001
...
000 (170576.000.000) 08/01 10:24:26 Job submitted from host: <128.9.132.56:40683?addrs=128.9.132.56-40683>
    DAG Node: e.count_ID0000002
    pool:local
...
001 (170576.000.000) 08/01 10:24:26 Job executing on host: <128.9.132.56:40896?addrs=128.9.132.56-40896>
...
005 (170576.000.000) 08/01 10:30:26 Job terminated.
	(1) Normal termination (return value 0)
		Usr 0 00:00:00, Sys 0 00:00:00  -  Run Remote Usage
		Usr 0 00:02:16, Sys 0 00:00:14  -  Run Local Usage
		Usr 0 00:00:00, Sys 0 00:00:00  -  Total Remote Usage
		Usr 0 00:00:00, Sys 0 00:00:00  -  Total Local Usage
	0  -  Run Bytes Sent By Job
	0  -  Run Bytes Received By Job
	0  -  Total Bytes Sent By Job
	0  -  Total Bytes Received By Job
...
016 (170576.000.000) 08/01 10:30:29 POST Script terminated.
	(1) Normal termination (return value 0)
    DAG Node: e.count_ID0000002
...
000 (170577.000.000) 08/01 10:30:34 Job submitted from host: <128.9.132.56:40683?addrs=128.9.132.56-40683>
    DAG Node: e.qc1.1_ID0000003
    pool:local
...
001 (170577.000.000) 08/01 10:30:36 Job executing on host: <128.9.132.56:40637?addrs=128.9.132.56-40637>
...
004 (170577.000.000) 08/01 10:31:00 Job was evicted.
	(0) Job was not checkpointed.
		Usr 0 00:00:00, Sys 0 00:00:00  -  Run Remote Usage
		Usr 0 00:00:08, Sys 0 00:00:00  -  Run Local Usage
	0  -  Run Bytes Sent By Job
	0  -  Run Bytes Received By Job
...
009 (170577.000.000) 08/01 10:31:00 Job was aborted by the user.
	removed because <OtherJobRemoveRequirements = DAGManJobId =?= 170569> fired when job (170569.0) was removed
...
