<?xml version="1.0" encoding="UTF-8"?>
<invocation xmlns="http://pegasus.isi.edu/schema/invocation" xmlns:xsi="http://www.w3.org/2001/XMLSchema-instance" xsi:schemaLocation="http://pegasus.isi.edu/schema/invocation http://pegasus.isi.edu/schema/iv-2.3.xsd" version="2.3" start="2016-08-01T10:30:36.804-07:00" duration="23.669" transformation="e.qc1.1" derivation="ID0000003" resource="local" wf-label="advanced_bioconductor_workflow" wf-stamp="2016-08-01T10:22:29-07:00" interface="eth0" hostaddr="128.9.132.56" hostname="dragonfly.isi.edu" pid="31824" uid="6577" user="samrat" gid="627" group="pegasus" umask="0022">
  <mainjob start="2016-08-01T10:30:36.967-07:00" duration="23.505" pid="31825">
    <usage utime="8.111" stime="0.373" maxrss="273992" minflt="83603" majflt="161" nswap="0" inblock="97616" outblock="8" msgsnd="0" msgrcv="0" nsignals="0" nvcsw="1546" nivcsw="1382"/>
    <status raw="15"><signalled signal="15" corefile="false">Terminated</signalled></status>
    <statcall error="0">
      <file name="/scratch/r-home/advanced_workflow/quality-control-1.R">23212F7573722F62696E2F5273637269</file>
      <statinfo mode="0100755" size="648" inode="1192148" nlink="1" blksize="4096" blocks="8" mtime="2016-07-25T14:48:34-07:00" atime="2016-08-01T09:59:21-07:00" ctime="2016-07-25T15:31:46-07:00" uid="6577" user="samrat" gid="627" group="pegasus"/>
    </statcall>
    <argument-vector>
      <arg nr="1">sce.RData</arg>
      <arg nr="2">1e6</arg>
      <arg nr="3">library-sizes-1.jpg</arg>
      <arg nr="4">expressed-genes-1.1.jpg</arg>
    </argument-vector>
  </mainjob>
  <jobids condor="170577.0"/>
  <cwd>/scratch/pegasus-scratch/samrat/pegasus/advanced_bioconductor_workflow/run0004</cwd>
  <usage utime="0.005" stime="0.022" maxrss="1244" minflt="976" majflt="0" nswap="0" inblock="280" outblock="0" msgsnd="0" msgrcv="0" nsignals="0" nvcsw="7" nivcsw="8"/>
  <machine page-size="4096">
    <stamp>2016-08-01T10:30:36.804-07:00</stamp>
    <uname system="linux" nodename="dragonfly.isi.edu" release="2.6.32-642.1.1.el6.x86_64" machine="x86_64">#1 SMP Tue May 31 21:57:07 UTC 2016</uname>
    <linux>
      <ram total="3921792" free="3339884" shared="0" buffer="7512"/>
      <swap total="4063228" free="3671612"/>
      <boot idle="953005.780">2016-07-29T15:58:58.904-07:00</boot>
      <cpu count="4" speed="1603" vendor="GenuineIntel">Intel(R) Core(TM)2 Quad CPU Q6600 @ 2.40GHz</cpu>
      <load min1="3.99" min5="3.40" min15="2.52"/>
      <procs total="216" running="1" sleeping="211" waiting="4" vmsize="18027140" rss="365592"/>
      <task total="364" running="1" sleeping="358" waiting="5"/>
    </linux>
  </machine>
  <statcall error="2" id="final" lfn="library-sizes-1.jpg">
    <file name="library-sizes-1.jpg"/>
  </statcall>
  <statcall error="2" id="final" lfn="expressed-genes-1.1.jpg">
    <file name="expressed-genes-1.1.jpg"/>
  </statcall>
  <statcall error="0" id="stdin">
    <file name="/dev/null"/>
    <statinfo mode="020666" size="0" inode="3857" nlink="1" blksize="4096" blocks="0" mtime="2016-07-29T15:59:03-07:00" atime="2016-07-29T15:59:03-07:00" ctime="2016-07-29T15:59:03-07:00" uid="0" user="root" gid="0" group="root"/>
  </statcall>
  <statcall error="0" id="stdout">
    <temporary name="/var/lib/condor/spool/local_univ_execute/dir_31823/ks.out.Rzck1O" descriptor="3"/>
    <statinfo mode="0100600" size="0" inode="2115137" nlink="1" blksize="4096" blocks="0" mtime="2016-08-01T10:30:36-07:00" atime="2016-08-01T10:30:36-07:00" ctime="2016-08-01T10:30:36-07:00" uid="6577" user="samrat" gid="627" group="pegasus"/>
  </statcall>
  <statcall error="0" id="stderr">
    <temporary name="/var/lib/condor/spool/local_univ_execute/dir_31823/ks.err.wCxO9u" descriptor="4"/>
    <statinfo mode="0100600" size="1655" inode="2115138" nlink="1" blksize="4096" blocks="8" mtime="2016-08-01T10:30:56-07:00" atime="2016-08-01T10:30:36-07:00" ctime="2016-08-01T10:30:56-07:00" uid="6577" user="samrat" gid="627" group="pegasus"/>
    <data>Loading required package: BiocParallel
Loading required package: methods
Loading required package: scater
Loading required package: Biobase
Loading required package: BiocGenerics
Loading required package: parallel

Attaching package: &apos;BiocGenerics&apos;

The following objects are masked from &apos;package:parallel&apos;:

    clusterApply, clusterApplyLB, clusterCall, clusterEvalQ,
    clusterExport, clusterMap, parApply, parCapply, parLapply,
    parLapplyLB, parRapply, parSapply, parSapplyLB

The following objects are masked from &apos;package:stats&apos;:

    IQR, mad, xtabs

The following objects are masked from &apos;package:base&apos;:

    Filter, Find, Map, Position, Reduce, anyDuplicated, append,
    as.data.frame, cbind, colnames, do.call, duplicated, eval, evalq,
    get, grep, grepl, intersect, is.unsorted, lapply, lengths, mapply,
    match, mget, order, paste, pmax, pmax.int, pmin, pmin.int, rank,
    rbind, rownames, sapply, setdiff, sort, table, tapply, union,
    unique, unsplit

Welcome to Bioconductor

    Vignettes contain introductory material; view with
    &apos;browseVignettes()&apos;. To cite Bioconductor, see
    &apos;citation(&quot;Biobase&quot;)&apos;, and for packages &apos;citation(&quot;pkgname&quot;)&apos;.

Loading required package: ggplot2

Attaching package: &apos;scater&apos;

The following object is masked from &apos;package:stats&apos;:

    filter

Loading required package: limma

Attaching package: &apos;limma&apos;

The following object is masked from &apos;package:scater&apos;:

    plotMDS

The following object is masked from &apos;package:BiocGenerics&apos;:

    plotMA


Attaching package: &apos;edgeR&apos;

The following object is masked from &apos;package:scater&apos;:

    cpm

Loading required package: sgeostat
sROC 0.1-2 loaded
</data>
  </statcall>
  <statcall error="2" id="kickstart">
    <!-- ignore above error -->
    <file name="condor_exec.exe"/>
  </statcall>
  <statcall error="0" id="logfile">
    <descriptor number="1"/>
    <statinfo mode="0100644" size="4096" inode="1198494" nlink="1" blksize="4096" blocks="8" mtime="2016-08-01T10:31:00-07:00" atime="2016-08-01T10:30:34-07:00" ctime="2016-08-01T10:31:00-07:00" uid="6577" user="samrat" gid="627" group="pegasus"/>
  </statcall>
  <environment>
    <env key="_CONDOR_ANCESTOR_2777">2910:1469833170:1374933633</env>
    <env key="_CONDOR_ANCESTOR_31823">31824:1470072636:2650409076</env>
    <env key="_CONDOR_ANCESTOR_2910">31823:1470072635:3002445480</env>
    <env key="CONDOR_JOBID">170577.0</env>
    <env key="TEMP">/var/lib/condor/spool/local_univ_execute/dir_31823</env>
    <env key="_CONDOR_SCRATCH_DIR">/var/lib/condor/spool/local_univ_execute/dir_31823</env>
    <env key="_CONDOR_SLOT"></env>
    <env key="BATCH_SYSTEM">HTCondor</env>
    <env key="TMPDIR">/var/lib/condor/spool/local_univ_execute/dir_31823</env>
    <env key="PEGASUS_DAG_JOB_ID">e.qc1.1_ID0000003</env>
    <env key="PEGASUS_SITE">local</env>
    <env key="_CONDOR_JOB_PIDS"></env>
    <env key="TMP">/var/lib/condor/spool/local_univ_execute/dir_31823</env>
    <env key="PEGASUS_WF_LABEL">advanced_bioconductor_workflow</env>
    <env key="_CONDOR_HIGHPORT">41000</env>
    <env key="_CONDOR_JOB_AD">/var/lib/condor/spool/local_univ_execute/dir_31823/.job.ad</env>
    <env key="_CONDOR_JOB_IWD">/scratch/pegasus-scratch/samrat/pegasus/advanced_bioconductor_workflow/run0004</env>
    <env key="_CHIRP_DELAYED_UPDATE_PREFIX">Chirp*</env>
    <env key="_CONDOR_LOWPORT">40000</env>
    <env key="_CONDOR_MACHINE_AD">/var/lib/condor/spool/local_univ_execute/dir_31823/.machine.ad</env>
    <env key="PEGASUS_WF_UUID">9ff49b0e-c6a8-4608-93e9-0e114b8641d3</env>
  </environment>
  <resource>
    <soft id="RLIMIT_CPU">unlimited</soft>
    <hard id="RLIMIT_CPU">unlimited</hard>
    <soft id="RLIMIT_FSIZE">unlimited</soft>
    <hard id="RLIMIT_FSIZE">unlimited</hard>
    <soft id="RLIMIT_DATA">unlimited</soft>
    <hard id="RLIMIT_DATA">unlimited</hard>
    <soft id="RLIMIT_STACK">unlimited</soft>
    <hard id="RLIMIT_STACK">unlimited</hard>
    <soft id="RLIMIT_CORE">0</soft>
    <hard id="RLIMIT_CORE">0</hard>
    <soft id="RESOURCE_5">unlimited</soft>
    <hard id="RESOURCE_5">unlimited</hard>
    <soft id="RLIMIT_NPROC">15222</soft>
    <hard id="RLIMIT_NPROC">15222</hard>
    <soft id="RLIMIT_NOFILE">4096</soft>
    <hard id="RLIMIT_NOFILE">4096</hard>
    <soft id="RLIMIT_MEMLOCK">65536</soft>
    <hard id="RLIMIT_MEMLOCK">65536</hard>
    <soft id="RLIMIT_AS">unlimited</soft>
    <hard id="RLIMIT_AS">unlimited</hard>
    <soft id="RLIMIT_LOCKS">unlimited</soft>
    <hard id="RLIMIT_LOCKS">unlimited</hard>
    <soft id="RLIMIT_SIGPENDING">15222</soft>
    <hard id="RLIMIT_SIGPENDING">15222</hard>
    <soft id="RLIMIT_MSGQUEUE">819200</soft>
    <hard id="RLIMIT_MSGQUEUE">819200</hard>
    <soft id="RLIMIT_NICE">0</soft>
    <hard id="RLIMIT_NICE">0</hard>
    <soft id="RLIMIT_RTPRIO">0</soft>
    <hard id="RLIMIT_RTPRIO">0</hard>
  </resource>
</invocation>
