07/29/16 15:46:14 ******************************************************
07/29/16 15:46:14 ** condor_scheduniv_exec.170509.0 (CONDOR_DAGMAN) STARTING UP
07/29/16 15:46:14 ** /usr/bin/condor_dagman
07/29/16 15:46:14 ** SubsystemInfo: name=DAGMAN type=DAGMAN(10) class=DAEMON(1)
07/29/16 15:46:14 ** Configuration: subsystem:DAGMAN local:<NONE> class:DAEMON
07/29/16 15:46:14 ** $CondorVersion: 8.4.7 Jun 03 2016 BuildID: 369249 $
07/29/16 15:46:14 ** $CondorPlatform: x86_64_RedHat6 $
07/29/16 15:46:14 ** PID = 11523
07/29/16 15:46:14 ** Log last touched time unavailable (No such file or directory)
07/29/16 15:46:14 ******************************************************
07/29/16 15:46:14 Using config source: /etc/condor/condor_config
07/29/16 15:46:14 Using local config sources: 
07/29/16 15:46:14    /etc/condor/condor_config.local
07/29/16 15:46:14 config Macros = 68, Sorted = 68, StringBytes = 2035, TablesBytes = 2496
07/29/16 15:46:14 CLASSAD_CACHING is ENABLED
07/29/16 15:46:14 Daemon Log is logging: D_ALWAYS D_ERROR
07/29/16 15:46:14 DaemonCore: No command port requested.
07/29/16 15:46:14 DAGMAN_USE_STRICT setting: 1
07/29/16 15:46:14 DAGMAN_VERBOSITY setting: 3
07/29/16 15:46:14 DAGMAN_DEBUG_CACHE_SIZE setting: 5242880
07/29/16 15:46:14 DAGMAN_DEBUG_CACHE_ENABLE setting: False
07/29/16 15:46:14 DAGMAN_SUBMIT_DELAY setting: 0
07/29/16 15:46:14 DAGMAN_MAX_SUBMIT_ATTEMPTS setting: 6
07/29/16 15:46:14 DAGMAN_STARTUP_CYCLE_DETECT setting: False
07/29/16 15:46:14 DAGMAN_MAX_SUBMITS_PER_INTERVAL setting: 5
07/29/16 15:46:14 DAGMAN_USER_LOG_SCAN_INTERVAL setting: 5
07/29/16 15:46:14 DAGMAN_DEFAULT_PRIORITY setting: 0
07/29/16 15:46:14 DAGMAN_SUPPRESS_NOTIFICATION setting: True
07/29/16 15:46:14 allow_events (DAGMAN_ALLOW_EVENTS) setting: 114
07/29/16 15:46:14 DAGMAN_RETRY_SUBMIT_FIRST setting: True
07/29/16 15:46:14 DAGMAN_RETRY_NODE_FIRST setting: False
07/29/16 15:46:14 DAGMAN_MAX_JOBS_IDLE setting: 1000
07/29/16 15:46:14 DAGMAN_MAX_JOBS_SUBMITTED setting: 0
07/29/16 15:46:14 DAGMAN_MAX_PRE_SCRIPTS setting: 20
07/29/16 15:46:14 DAGMAN_MAX_POST_SCRIPTS setting: 20
07/29/16 15:46:14 DAGMAN_ALLOW_LOG_ERROR setting: False
07/29/16 15:46:14 DAGMAN_MUNGE_NODE_NAMES setting: True
07/29/16 15:46:14 DAGMAN_PROHIBIT_MULTI_JOBS setting: False
07/29/16 15:46:14 DAGMAN_SUBMIT_DEPTH_FIRST setting: False
07/29/16 15:46:14 DAGMAN_ALWAYS_RUN_POST setting: True
07/29/16 15:46:14 DAGMAN_ABORT_DUPLICATES setting: True
07/29/16 15:46:14 DAGMAN_ABORT_ON_SCARY_SUBMIT setting: True
07/29/16 15:46:14 DAGMAN_PENDING_REPORT_INTERVAL setting: 600
07/29/16 15:46:14 DAGMAN_AUTO_RESCUE setting: True
07/29/16 15:46:14 DAGMAN_MAX_RESCUE_NUM setting: 100
07/29/16 15:46:14 DAGMAN_WRITE_PARTIAL_RESCUE setting: True
07/29/16 15:46:14 DAGMAN_DEFAULT_NODE_LOG setting: @(DAG_DIR)/@(DAG_FILE).nodes.log
07/29/16 15:46:14 DAGMAN_GENERATE_SUBDAG_SUBMITS setting: True
07/29/16 15:46:14 DAGMAN_MAX_JOB_HOLDS setting: 100
07/29/16 15:46:14 DAGMAN_HOLD_CLAIM_TIME setting: 20
07/29/16 15:46:14 ALL_DEBUG setting: 
07/29/16 15:46:14 DAGMAN_DEBUG setting: 
07/29/16 15:46:14 DAGMAN_SUPPRESS_JOB_LOGS setting: False
07/29/16 15:46:14 argv[0] == "condor_scheduniv_exec.170509.0"
07/29/16 15:46:14 argv[1] == "-Lockfile"
07/29/16 15:46:14 argv[2] == "advanced_bioconductor_workflow-0.dag.lock"
07/29/16 15:46:14 argv[3] == "-AutoRescue"
07/29/16 15:46:14 argv[4] == "1"
07/29/16 15:46:14 argv[5] == "-DoRescueFrom"
07/29/16 15:46:14 argv[6] == "0"
07/29/16 15:46:14 argv[7] == "-Dag"
07/29/16 15:46:14 argv[8] == "advanced_bioconductor_workflow-0.dag"
07/29/16 15:46:14 argv[9] == "-MaxJobs"
07/29/16 15:46:14 argv[10] == "1"
07/29/16 15:46:14 argv[11] == "-MaxPost"
07/29/16 15:46:14 argv[12] == "20"
07/29/16 15:46:14 argv[13] == "-Suppress_notification"
07/29/16 15:46:14 argv[14] == "-CsdVersion"
07/29/16 15:46:14 argv[15] == "$CondorVersion: 8.4.7 Jun 03 2016 BuildID: 369249 $"
07/29/16 15:46:14 argv[16] == "-Dagman"
07/29/16 15:46:14 argv[17] == "/usr/bin/condor_dagman"
07/29/16 15:46:14 Warning: failed to get attribute DAGNodeName
07/29/16 15:46:14 DAGMAN_LOG_ON_NFS_IS_ERROR setting: False
07/29/16 15:46:14 Default node log file is: </scratch/advanced_bioconductor_workflow/submit/samrat/pegasus/advanced_bioconductor_workflow/run0001/./advanced_bioconductor_workflow-0.dag.nodes.log>
07/29/16 15:46:14 DAG Lockfile will be written to advanced_bioconductor_workflow-0.dag.lock
07/29/16 15:46:14 DAG Input file is advanced_bioconductor_workflow-0.dag
07/29/16 15:46:14 Parsing 1 dagfiles
07/29/16 15:46:14 Parsing advanced_bioconductor_workflow-0.dag ...
07/29/16 15:46:14 Warning: category stage-out has no throttle value set
07/29/16 15:46:14 Warning: category stage-in has no throttle value set
07/29/16 15:46:14 Dag contains 86 total jobs
07/29/16 15:46:14 Sleeping for 3 seconds to ensure ProcessId uniqueness
07/29/16 15:46:17 Bootstrapping...
07/29/16 15:46:17 Number of pre-completed nodes: 0
07/29/16 15:46:17 MultiLogFiles: truncating log file /scratch/advanced_bioconductor_workflow/submit/samrat/pegasus/advanced_bioconductor_workflow/run0001/./advanced_bioconductor_workflow-0.dag.nodes.log
07/29/16 15:46:17 DAG status: 0 (DAG_STATUS_OK)
07/29/16 15:46:17 Of 86 nodes total:
07/29/16 15:46:17  Done     Pre   Queued    Post   Ready   Un-Ready   Failed
07/29/16 15:46:17   ===     ===      ===     ===     ===        ===      ===
07/29/16 15:46:17     0       0        0       0       1         85        0
07/29/16 15:46:17 0 job proc(s) currently held
07/29/16 15:46:17 Registering condor_event_timer...
07/29/16 15:46:18 Submitting Condor Node create_dir_advanced_bioconductor_workflow_0_local job(s)...
07/29/16 15:46:18 Adding a DAGMan workflow log /scratch/advanced_bioconductor_workflow/submit/samrat/pegasus/advanced_bioconductor_workflow/run0001/./advanced_bioconductor_workflow-0.dag.nodes.log
07/29/16 15:46:18 Masking the events recorded in the DAGMAN workflow log
07/29/16 15:46:18 Mask for workflow log is 0,1,2,4,5,7,9,10,11,12,13,16,17,24,27
07/29/16 15:46:18 submitting: /usr/bin/condor_submit -a dag_node_name' '=' 'create_dir_advanced_bioconductor_workflow_0_local -a +DAGManJobId' '=' '170509 -a DAGManJobId' '=' '170509 -a submit_event_notes' '=' 'DAG' 'Node:' 'create_dir_advanced_bioconductor_workflow_0_local -a dagman_log' '=' '/scratch/advanced_bioconductor_workflow/submit/samrat/pegasus/advanced_bioconductor_workflow/run0001/./advanced_bioconductor_workflow-0.dag.nodes.log -a +DAGManNodesMask' '=' '"0,1,2,4,5,7,9,10,11,12,13,16,17,24,27" -a DAG_STATUS' '=' '0 -a FAILED_COUNT' '=' '0 -a +DAGParentNodeNames' '=' '"" -a +KeepClaimIdle' '=' '20 -a notification' '=' 'never create_dir_advanced_bioconductor_workflow_0_local.sub
07/29/16 15:46:19 From submit: Submitting job(s).
07/29/16 15:46:19 From submit: 1 job(s) submitted to cluster 170510.
07/29/16 15:46:19 	assigned Condor ID (170510.0.0)
07/29/16 15:46:19 Just submitted 1 job this cycle...
07/29/16 15:46:19 Currently monitoring 1 Condor log file(s)
07/29/16 15:46:19 Reassigning the id of job create_dir_advanced_bioconductor_workflow_0_local from (170510.0.0) to (170510.0.0)
07/29/16 15:46:19 Event: ULOG_SUBMIT for Condor Node create_dir_advanced_bioconductor_workflow_0_local (170510.0.0)
07/29/16 15:46:19 Number of idle job procs: 1
07/29/16 15:46:19 DAG status: 0 (DAG_STATUS_OK)
07/29/16 15:46:19 Of 86 nodes total:
07/29/16 15:46:19  Done     Pre   Queued    Post   Ready   Un-Ready   Failed
07/29/16 15:46:19   ===     ===      ===     ===     ===        ===      ===
07/29/16 15:46:19     0       0        1       0       0         85        0
07/29/16 15:46:19 0 job proc(s) currently held
07/29/16 15:46:24 Currently monitoring 1 Condor log file(s)
07/29/16 15:46:24 Event: ULOG_EXECUTE for Condor Node create_dir_advanced_bioconductor_workflow_0_local (170510.0.0)
07/29/16 15:46:24 Number of idle job procs: 0
07/29/16 15:46:24 Event: ULOG_JOB_TERMINATED for Condor Node create_dir_advanced_bioconductor_workflow_0_local (170510.0.0)
07/29/16 15:46:24 Number of idle job procs: 0
07/29/16 15:46:24 Node create_dir_advanced_bioconductor_workflow_0_local job proc (170510.0.0) completed successfully.
07/29/16 15:46:24 Node create_dir_advanced_bioconductor_workflow_0_local job completed
07/29/16 15:46:24 Running POST script of Node create_dir_advanced_bioconductor_workflow_0_local...
07/29/16 15:46:24 Warning: mysin has length 0 (ignore if produced by DAGMan; see gittrac #4987, #5031)
07/29/16 15:46:24 DAG status: 0 (DAG_STATUS_OK)
07/29/16 15:46:24 Of 86 nodes total:
07/29/16 15:46:24  Done     Pre   Queued    Post   Ready   Un-Ready   Failed
07/29/16 15:46:24   ===     ===      ===     ===     ===        ===      ===
07/29/16 15:46:24     0       0        0       1       0         85        0
07/29/16 15:46:24 0 job proc(s) currently held
07/29/16 15:46:24 Initializing user log writer for /scratch/advanced_bioconductor_workflow/submit/samrat/pegasus/advanced_bioconductor_workflow/run0001/./advanced_bioconductor_workflow-0.dag.nodes.log, (170510.0.0)
07/29/16 15:46:29 Currently monitoring 1 Condor log file(s)
07/29/16 15:46:29 Event: ULOG_POST_SCRIPT_TERMINATED for Condor Node create_dir_advanced_bioconductor_workflow_0_local (170510.0.0)
07/29/16 15:46:29 POST Script of Node create_dir_advanced_bioconductor_workflow_0_local completed successfully.
07/29/16 15:46:29 DAG status: 0 (DAG_STATUS_OK)
07/29/16 15:46:29 Of 86 nodes total:
07/29/16 15:46:29  Done     Pre   Queued    Post   Ready   Un-Ready   Failed
07/29/16 15:46:29   ===     ===      ===     ===     ===        ===      ===
07/29/16 15:46:29     1       0        0       0       4         81        0
07/29/16 15:46:29 0 job proc(s) currently held
07/29/16 15:46:34 Submitting Condor Node stage_in_remote_local_0_1 job(s)...
07/29/16 15:46:34 Adding a DAGMan workflow log /scratch/advanced_bioconductor_workflow/submit/samrat/pegasus/advanced_bioconductor_workflow/run0001/./advanced_bioconductor_workflow-0.dag.nodes.log
07/29/16 15:46:34 Masking the events recorded in the DAGMAN workflow log
07/29/16 15:46:34 Mask for workflow log is 0,1,2,4,5,7,9,10,11,12,13,16,17,24,27
07/29/16 15:46:34 submitting: /usr/bin/condor_submit -a dag_node_name' '=' 'stage_in_remote_local_0_1 -a +DAGManJobId' '=' '170509 -a DAGManJobId' '=' '170509 -a submit_event_notes' '=' 'DAG' 'Node:' 'stage_in_remote_local_0_1 -a dagman_log' '=' '/scratch/advanced_bioconductor_workflow/submit/samrat/pegasus/advanced_bioconductor_workflow/run0001/./advanced_bioconductor_workflow-0.dag.nodes.log -a +DAGManNodesMask' '=' '"0,1,2,4,5,7,9,10,11,12,13,16,17,24,27" -a DAG_STATUS' '=' '0 -a FAILED_COUNT' '=' '0 -a +DAGParentNodeNames' '=' '"create_dir_advanced_bioconductor_workflow_0_local" -a +KeepClaimIdle' '=' '20 -a notification' '=' 'never stage_in_remote_local_0_1.sub
07/29/16 15:46:34 From submit: Submitting job(s).
07/29/16 15:46:34 From submit: 1 job(s) submitted to cluster 170511.
07/29/16 15:46:34 	assigned Condor ID (170511.0.0)
07/29/16 15:46:34 Just submitted 1 job this cycle...
07/29/16 15:46:34 Currently monitoring 1 Condor log file(s)
07/29/16 15:46:34 Reassigning the id of job stage_in_remote_local_0_1 from (170511.0.0) to (170511.0.0)
07/29/16 15:46:34 Event: ULOG_SUBMIT for Condor Node stage_in_remote_local_0_1 (170511.0.0)
07/29/16 15:46:34 Number of idle job procs: 1
07/29/16 15:46:34 DAG status: 0 (DAG_STATUS_OK)
07/29/16 15:46:34 Of 86 nodes total:
07/29/16 15:46:34  Done     Pre   Queued    Post   Ready   Un-Ready   Failed
07/29/16 15:46:34   ===     ===      ===     ===     ===        ===      ===
07/29/16 15:46:34     1       0        1       0       3         81        0
07/29/16 15:46:34 0 job proc(s) currently held
07/29/16 15:46:34 Note: 3 total job deferrals because of -MaxJobs limit (1)
07/29/16 15:46:39 Currently monitoring 1 Condor log file(s)
07/29/16 15:46:39 Event: ULOG_EXECUTE for Condor Node stage_in_remote_local_0_1 (170511.0.0)
07/29/16 15:46:39 Number of idle job procs: 0
07/29/16 15:46:39 Event: ULOG_JOB_TERMINATED for Condor Node stage_in_remote_local_0_1 (170511.0.0)
07/29/16 15:46:39 Number of idle job procs: 0
07/29/16 15:46:39 Node stage_in_remote_local_0_1 job proc (170511.0.0) completed successfully.
07/29/16 15:46:39 Node stage_in_remote_local_0_1 job completed
07/29/16 15:46:39 Running POST script of Node stage_in_remote_local_0_1...
07/29/16 15:46:39 Warning: mysin has length 0 (ignore if produced by DAGMan; see gittrac #4987, #5031)
07/29/16 15:46:39 DAG status: 0 (DAG_STATUS_OK)
07/29/16 15:46:39 Of 86 nodes total:
07/29/16 15:46:39  Done     Pre   Queued    Post   Ready   Un-Ready   Failed
07/29/16 15:46:39   ===     ===      ===     ===     ===        ===      ===
07/29/16 15:46:39     1       0        0       1       3         81        0
07/29/16 15:46:39 0 job proc(s) currently held
07/29/16 15:46:39 Note: 6 total job deferrals because of -MaxJobs limit (1)
07/29/16 15:46:39 Initializing user log writer for /scratch/advanced_bioconductor_workflow/submit/samrat/pegasus/advanced_bioconductor_workflow/run0001/./advanced_bioconductor_workflow-0.dag.nodes.log, (170511.0.0)
07/29/16 15:46:44 Submitting Condor Node stage_in_remote_local_0_0 job(s)...
07/29/16 15:46:44 Adding a DAGMan workflow log /scratch/advanced_bioconductor_workflow/submit/samrat/pegasus/advanced_bioconductor_workflow/run0001/./advanced_bioconductor_workflow-0.dag.nodes.log
07/29/16 15:46:44 Masking the events recorded in the DAGMAN workflow log
07/29/16 15:46:44 Mask for workflow log is 0,1,2,4,5,7,9,10,11,12,13,16,17,24,27
07/29/16 15:46:44 submitting: /usr/bin/condor_submit -a dag_node_name' '=' 'stage_in_remote_local_0_0 -a +DAGManJobId' '=' '170509 -a DAGManJobId' '=' '170509 -a submit_event_notes' '=' 'DAG' 'Node:' 'stage_in_remote_local_0_0 -a dagman_log' '=' '/scratch/advanced_bioconductor_workflow/submit/samrat/pegasus/advanced_bioconductor_workflow/run0001/./advanced_bioconductor_workflow-0.dag.nodes.log -a +DAGManNodesMask' '=' '"0,1,2,4,5,7,9,10,11,12,13,16,17,24,27" -a DAG_STATUS' '=' '0 -a FAILED_COUNT' '=' '0 -a +DAGParentNodeNames' '=' '"create_dir_advanced_bioconductor_workflow_0_local" -a +KeepClaimIdle' '=' '20 -a notification' '=' 'never stage_in_remote_local_0_0.sub
07/29/16 15:46:45 From submit: Submitting job(s).
07/29/16 15:46:45 From submit: 1 job(s) submitted to cluster 170512.
07/29/16 15:46:45 	assigned Condor ID (170512.0.0)
07/29/16 15:46:45 Just submitted 1 job this cycle...
07/29/16 15:46:45 Currently monitoring 1 Condor log file(s)
07/29/16 15:46:45 Event: ULOG_POST_SCRIPT_TERMINATED for Condor Node stage_in_remote_local_0_1 (170511.0.0)
07/29/16 15:46:45 POST Script of Node stage_in_remote_local_0_1 completed successfully.
07/29/16 15:46:45 Reassigning the id of job stage_in_remote_local_0_0 from (170512.0.0) to (170512.0.0)
07/29/16 15:46:45 Event: ULOG_SUBMIT for Condor Node stage_in_remote_local_0_0 (170512.0.0)
07/29/16 15:46:45 Number of idle job procs: 1
07/29/16 15:46:45 DAG status: 0 (DAG_STATUS_OK)
07/29/16 15:46:45 Of 86 nodes total:
07/29/16 15:46:45  Done     Pre   Queued    Post   Ready   Un-Ready   Failed
07/29/16 15:46:45   ===     ===      ===     ===     ===        ===      ===
07/29/16 15:46:45     2       0        1       0       3         80        0
07/29/16 15:46:45 0 job proc(s) currently held
07/29/16 15:46:45 Note: 8 total job deferrals because of -MaxJobs limit (1)
07/29/16 15:46:50 Currently monitoring 1 Condor log file(s)
07/29/16 15:46:50 Event: ULOG_EXECUTE for Condor Node stage_in_remote_local_0_0 (170512.0.0)
07/29/16 15:46:50 Number of idle job procs: 0
07/29/16 15:46:55 Currently monitoring 1 Condor log file(s)
07/29/16 15:46:55 Event: ULOG_JOB_TERMINATED for Condor Node stage_in_remote_local_0_0 (170512.0.0)
07/29/16 15:46:55 Number of idle job procs: 0
07/29/16 15:46:55 Node stage_in_remote_local_0_0 job proc (170512.0.0) completed successfully.
07/29/16 15:46:55 Node stage_in_remote_local_0_0 job completed
07/29/16 15:46:55 Running POST script of Node stage_in_remote_local_0_0...
07/29/16 15:46:55 Warning: mysin has length 0 (ignore if produced by DAGMan; see gittrac #4987, #5031)
07/29/16 15:46:55 DAG status: 0 (DAG_STATUS_OK)
07/29/16 15:46:55 Of 86 nodes total:
07/29/16 15:46:55  Done     Pre   Queued    Post   Ready   Un-Ready   Failed
07/29/16 15:46:55   ===     ===      ===     ===     ===        ===      ===
07/29/16 15:46:55     2       0        0       1       3         80        0
07/29/16 15:46:55 0 job proc(s) currently held
07/29/16 15:46:55 Note: 14 total job deferrals because of -MaxJobs limit (1)
07/29/16 15:46:55 Initializing user log writer for /scratch/advanced_bioconductor_workflow/submit/samrat/pegasus/advanced_bioconductor_workflow/run0001/./advanced_bioconductor_workflow-0.dag.nodes.log, (170512.0.0)
07/29/16 15:47:00 Submitting Condor Node stage_in_remote_local_8_0 job(s)...
07/29/16 15:47:00 Adding a DAGMan workflow log /scratch/advanced_bioconductor_workflow/submit/samrat/pegasus/advanced_bioconductor_workflow/run0001/./advanced_bioconductor_workflow-0.dag.nodes.log
07/29/16 15:47:00 Masking the events recorded in the DAGMAN workflow log
07/29/16 15:47:00 Mask for workflow log is 0,1,2,4,5,7,9,10,11,12,13,16,17,24,27
07/29/16 15:47:00 submitting: /usr/bin/condor_submit -a dag_node_name' '=' 'stage_in_remote_local_8_0 -a +DAGManJobId' '=' '170509 -a DAGManJobId' '=' '170509 -a submit_event_notes' '=' 'DAG' 'Node:' 'stage_in_remote_local_8_0 -a dagman_log' '=' '/scratch/advanced_bioconductor_workflow/submit/samrat/pegasus/advanced_bioconductor_workflow/run0001/./advanced_bioconductor_workflow-0.dag.nodes.log -a +DAGManNodesMask' '=' '"0,1,2,4,5,7,9,10,11,12,13,16,17,24,27" -a DAG_STATUS' '=' '0 -a FAILED_COUNT' '=' '0 -a +DAGParentNodeNames' '=' '"create_dir_advanced_bioconductor_workflow_0_local" -a +KeepClaimIdle' '=' '20 -a notification' '=' 'never stage_in_remote_local_8_0.sub
07/29/16 15:47:00 From submit: Submitting job(s).
07/29/16 15:47:00 From submit: 1 job(s) submitted to cluster 170513.
07/29/16 15:47:00 	assigned Condor ID (170513.0.0)
07/29/16 15:47:00 Just submitted 1 job this cycle...
07/29/16 15:47:00 Currently monitoring 1 Condor log file(s)
07/29/16 15:47:00 Event: ULOG_POST_SCRIPT_TERMINATED for Condor Node stage_in_remote_local_0_0 (170512.0.0)
07/29/16 15:47:00 POST Script of Node stage_in_remote_local_0_0 completed successfully.
07/29/16 15:47:00 Reassigning the id of job stage_in_remote_local_8_0 from (170513.0.0) to (170513.0.0)
07/29/16 15:47:00 Event: ULOG_SUBMIT for Condor Node stage_in_remote_local_8_0 (170513.0.0)
07/29/16 15:47:00 Number of idle job procs: 1
07/29/16 15:47:00 DAG status: 0 (DAG_STATUS_OK)
07/29/16 15:47:00 Of 86 nodes total:
07/29/16 15:47:00  Done     Pre   Queued    Post   Ready   Un-Ready   Failed
07/29/16 15:47:00   ===     ===      ===     ===     ===        ===      ===
07/29/16 15:47:00     3       0        1       0       3         79        0
07/29/16 15:47:00 0 job proc(s) currently held
07/29/16 15:47:00 Note: 16 total job deferrals because of -MaxJobs limit (1)
07/29/16 15:47:05 Currently monitoring 1 Condor log file(s)
07/29/16 15:47:05 Event: ULOG_EXECUTE for Condor Node stage_in_remote_local_8_0 (170513.0.0)
07/29/16 15:47:05 Number of idle job procs: 0
07/29/16 15:47:05 Event: ULOG_JOB_TERMINATED for Condor Node stage_in_remote_local_8_0 (170513.0.0)
07/29/16 15:47:05 Number of idle job procs: 0
07/29/16 15:47:05 Node stage_in_remote_local_8_0 job proc (170513.0.0) completed successfully.
07/29/16 15:47:05 Node stage_in_remote_local_8_0 job completed
07/29/16 15:47:05 Running POST script of Node stage_in_remote_local_8_0...
07/29/16 15:47:05 Warning: mysin has length 0 (ignore if produced by DAGMan; see gittrac #4987, #5031)
07/29/16 15:47:05 DAG status: 0 (DAG_STATUS_OK)
07/29/16 15:47:05 Of 86 nodes total:
07/29/16 15:47:05  Done     Pre   Queued    Post   Ready   Un-Ready   Failed
07/29/16 15:47:05   ===     ===      ===     ===     ===        ===      ===
07/29/16 15:47:05     3       0        0       1       3         79        0
07/29/16 15:47:05 0 job proc(s) currently held
07/29/16 15:47:05 Note: 19 total job deferrals because of -MaxJobs limit (1)
07/29/16 15:47:05 Initializing user log writer for /scratch/advanced_bioconductor_workflow/submit/samrat/pegasus/advanced_bioconductor_workflow/run0001/./advanced_bioconductor_workflow-0.dag.nodes.log, (170513.0.0)
07/29/16 15:47:10 Submitting Condor Node stage_in_remote_local_7_0 job(s)...
07/29/16 15:47:10 Adding a DAGMan workflow log /scratch/advanced_bioconductor_workflow/submit/samrat/pegasus/advanced_bioconductor_workflow/run0001/./advanced_bioconductor_workflow-0.dag.nodes.log
07/29/16 15:47:10 Masking the events recorded in the DAGMAN workflow log
07/29/16 15:47:10 Mask for workflow log is 0,1,2,4,5,7,9,10,11,12,13,16,17,24,27
07/29/16 15:47:10 submitting: /usr/bin/condor_submit -a dag_node_name' '=' 'stage_in_remote_local_7_0 -a +DAGManJobId' '=' '170509 -a DAGManJobId' '=' '170509 -a submit_event_notes' '=' 'DAG' 'Node:' 'stage_in_remote_local_7_0 -a dagman_log' '=' '/scratch/advanced_bioconductor_workflow/submit/samrat/pegasus/advanced_bioconductor_workflow/run0001/./advanced_bioconductor_workflow-0.dag.nodes.log -a +DAGManNodesMask' '=' '"0,1,2,4,5,7,9,10,11,12,13,16,17,24,27" -a DAG_STATUS' '=' '0 -a FAILED_COUNT' '=' '0 -a +DAGParentNodeNames' '=' '"create_dir_advanced_bioconductor_workflow_0_local" -a +KeepClaimIdle' '=' '20 -a notification' '=' 'never stage_in_remote_local_7_0.sub
07/29/16 15:47:11 From submit: Submitting job(s).
07/29/16 15:47:11 From submit: 1 job(s) submitted to cluster 170514.
07/29/16 15:47:11 	assigned Condor ID (170514.0.0)
07/29/16 15:47:11 Just submitted 1 job this cycle...
07/29/16 15:47:11 Currently monitoring 1 Condor log file(s)
07/29/16 15:47:11 Event: ULOG_POST_SCRIPT_TERMINATED for Condor Node stage_in_remote_local_8_0 (170513.0.0)
07/29/16 15:47:11 POST Script of Node stage_in_remote_local_8_0 completed successfully.
07/29/16 15:47:11 Reassigning the id of job stage_in_remote_local_7_0 from (170514.0.0) to (170514.0.0)
07/29/16 15:47:11 Event: ULOG_SUBMIT for Condor Node stage_in_remote_local_7_0 (170514.0.0)
07/29/16 15:47:11 Number of idle job procs: 1
07/29/16 15:47:11 DAG status: 0 (DAG_STATUS_OK)
07/29/16 15:47:11 Of 86 nodes total:
07/29/16 15:47:11  Done     Pre   Queued    Post   Ready   Un-Ready   Failed
07/29/16 15:47:11   ===     ===      ===     ===     ===        ===      ===
07/29/16 15:47:11     4       0        1       0       2         79        0
07/29/16 15:47:11 0 job proc(s) currently held
07/29/16 15:47:11 Note: 21 total job deferrals because of -MaxJobs limit (1)
07/29/16 15:47:16 Currently monitoring 1 Condor log file(s)
07/29/16 15:47:16 Event: ULOG_EXECUTE for Condor Node stage_in_remote_local_7_0 (170514.0.0)
07/29/16 15:47:16 Number of idle job procs: 0
07/29/16 15:47:16 Event: ULOG_JOB_TERMINATED for Condor Node stage_in_remote_local_7_0 (170514.0.0)
07/29/16 15:47:16 Number of idle job procs: 0
07/29/16 15:47:16 Node stage_in_remote_local_7_0 job proc (170514.0.0) completed successfully.
07/29/16 15:47:16 Node stage_in_remote_local_7_0 job completed
07/29/16 15:47:16 Running POST script of Node stage_in_remote_local_7_0...
07/29/16 15:47:16 Warning: mysin has length 0 (ignore if produced by DAGMan; see gittrac #4987, #5031)
07/29/16 15:47:16 DAG status: 0 (DAG_STATUS_OK)
07/29/16 15:47:16 Of 86 nodes total:
07/29/16 15:47:16  Done     Pre   Queued    Post   Ready   Un-Ready   Failed
07/29/16 15:47:16   ===     ===      ===     ===     ===        ===      ===
07/29/16 15:47:16     4       0        0       1       2         79        0
07/29/16 15:47:16 0 job proc(s) currently held
07/29/16 15:47:16 Note: 23 total job deferrals because of -MaxJobs limit (1)
07/29/16 15:47:16 Initializing user log writer for /scratch/advanced_bioconductor_workflow/submit/samrat/pegasus/advanced_bioconductor_workflow/run0001/./advanced_bioconductor_workflow-0.dag.nodes.log, (170514.0.0)
07/29/16 15:47:21 Submitting Condor Node e.preprocess_ID0000001 job(s)...
07/29/16 15:47:21 Adding a DAGMan workflow log /scratch/advanced_bioconductor_workflow/submit/samrat/pegasus/advanced_bioconductor_workflow/run0001/./advanced_bioconductor_workflow-0.dag.nodes.log
07/29/16 15:47:21 Masking the events recorded in the DAGMAN workflow log
07/29/16 15:47:21 Mask for workflow log is 0,1,2,4,5,7,9,10,11,12,13,16,17,24,27
07/29/16 15:47:21 submitting: /usr/bin/condor_submit -a dag_node_name' '=' 'e.preprocess_ID0000001 -a +DAGManJobId' '=' '170509 -a DAGManJobId' '=' '170509 -a submit_event_notes' '=' 'DAG' 'Node:' 'e.preprocess_ID0000001 -a dagman_log' '=' '/scratch/advanced_bioconductor_workflow/submit/samrat/pegasus/advanced_bioconductor_workflow/run0001/./advanced_bioconductor_workflow-0.dag.nodes.log -a +DAGManNodesMask' '=' '"0,1,2,4,5,7,9,10,11,12,13,16,17,24,27" -a DAG_STATUS' '=' '0 -a FAILED_COUNT' '=' '0 -a +DAGParentNodeNames' '=' '"stage_in_remote_local_0_1" -a +KeepClaimIdle' '=' '20 -a notification' '=' 'never e.preprocess_ID0000001.sub
07/29/16 15:47:21 From submit: Submitting job(s).
07/29/16 15:47:21 From submit: 1 job(s) submitted to cluster 170515.
07/29/16 15:47:21 	assigned Condor ID (170515.0.0)
07/29/16 15:47:21 Just submitted 1 job this cycle...
07/29/16 15:47:21 Currently monitoring 1 Condor log file(s)
07/29/16 15:47:21 Event: ULOG_POST_SCRIPT_TERMINATED for Condor Node stage_in_remote_local_7_0 (170514.0.0)
07/29/16 15:47:21 POST Script of Node stage_in_remote_local_7_0 completed successfully.
07/29/16 15:47:21 Reassigning the id of job e.preprocess_ID0000001 from (170515.0.0) to (170515.0.0)
07/29/16 15:47:21 Event: ULOG_SUBMIT for Condor Node e.preprocess_ID0000001 (170515.0.0)
07/29/16 15:47:21 Number of idle job procs: 1
07/29/16 15:47:21 DAG status: 0 (DAG_STATUS_OK)
07/29/16 15:47:21 Of 86 nodes total:
07/29/16 15:47:21  Done     Pre   Queued    Post   Ready   Un-Ready   Failed
07/29/16 15:47:21   ===     ===      ===     ===     ===        ===      ===
07/29/16 15:47:21     5       0        1       0       1         79        0
07/29/16 15:47:21 0 job proc(s) currently held
07/29/16 15:47:21 Note: 24 total job deferrals because of -MaxJobs limit (1)
07/29/16 15:47:26 Currently monitoring 1 Condor log file(s)
07/29/16 15:47:26 Event: ULOG_EXECUTE for Condor Node e.preprocess_ID0000001 (170515.0.0)
07/29/16 15:47:26 Number of idle job procs: 0
07/29/16 15:47:56 Currently monitoring 1 Condor log file(s)
07/29/16 15:47:56 Event: ULOG_JOB_TERMINATED for Condor Node e.preprocess_ID0000001 (170515.0.0)
07/29/16 15:47:56 Number of idle job procs: 0
07/29/16 15:47:56 Node e.preprocess_ID0000001 job proc (170515.0.0) completed successfully.
07/29/16 15:47:56 Node e.preprocess_ID0000001 job completed
07/29/16 15:47:56 Running POST script of Node e.preprocess_ID0000001...
07/29/16 15:47:56 Warning: mysin has length 0 (ignore if produced by DAGMan; see gittrac #4987, #5031)
07/29/16 15:47:56 DAG status: 0 (DAG_STATUS_OK)
07/29/16 15:47:56 Of 86 nodes total:
07/29/16 15:47:56  Done     Pre   Queued    Post   Ready   Un-Ready   Failed
07/29/16 15:47:56   ===     ===      ===     ===     ===        ===      ===
07/29/16 15:47:56     5       0        0       1       1         79        0
07/29/16 15:47:56 0 job proc(s) currently held
07/29/16 15:47:56 Note: 31 total job deferrals because of -MaxJobs limit (1)
07/29/16 15:47:56 Initializing user log writer for /scratch/advanced_bioconductor_workflow/submit/samrat/pegasus/advanced_bioconductor_workflow/run0001/./advanced_bioconductor_workflow-0.dag.nodes.log, (170515.0.0)
07/29/16 15:48:01 Submitting Condor Node e.count_ID0000002 job(s)...
07/29/16 15:48:01 Adding a DAGMan workflow log /scratch/advanced_bioconductor_workflow/submit/samrat/pegasus/advanced_bioconductor_workflow/run0001/./advanced_bioconductor_workflow-0.dag.nodes.log
07/29/16 15:48:01 Masking the events recorded in the DAGMAN workflow log
07/29/16 15:48:01 Mask for workflow log is 0,1,2,4,5,7,9,10,11,12,13,16,17,24,27
07/29/16 15:48:01 submitting: /usr/bin/condor_submit -a dag_node_name' '=' 'e.count_ID0000002 -a +DAGManJobId' '=' '170509 -a DAGManJobId' '=' '170509 -a submit_event_notes' '=' 'DAG' 'Node:' 'e.count_ID0000002 -a dagman_log' '=' '/scratch/advanced_bioconductor_workflow/submit/samrat/pegasus/advanced_bioconductor_workflow/run0001/./advanced_bioconductor_workflow-0.dag.nodes.log -a +DAGManNodesMask' '=' '"0,1,2,4,5,7,9,10,11,12,13,16,17,24,27" -a DAG_STATUS' '=' '0 -a FAILED_COUNT' '=' '0 -a +DAGParentNodeNames' '=' '"stage_in_remote_local_0_1,stage_in_remote_local_0_0" -a +KeepClaimIdle' '=' '20 -a notification' '=' 'never e.count_ID0000002.sub
07/29/16 15:48:01 From submit: Submitting job(s).
07/29/16 15:48:01 From submit: 1 job(s) submitted to cluster 170516.
07/29/16 15:48:01 	assigned Condor ID (170516.0.0)
07/29/16 15:48:01 Just submitted 1 job this cycle...
07/29/16 15:48:01 Currently monitoring 1 Condor log file(s)
07/29/16 15:48:01 Event: ULOG_POST_SCRIPT_TERMINATED for Condor Node e.preprocess_ID0000001 (170515.0.0)
07/29/16 15:48:01 POST Script of Node e.preprocess_ID0000001 completed successfully.
07/29/16 15:48:01 Reassigning the id of job e.count_ID0000002 from (170516.0.0) to (170516.0.0)
07/29/16 15:48:01 Event: ULOG_SUBMIT for Condor Node e.count_ID0000002 (170516.0.0)
07/29/16 15:48:01 Number of idle job procs: 1
07/29/16 15:48:01 DAG status: 0 (DAG_STATUS_OK)
07/29/16 15:48:01 Of 86 nodes total:
07/29/16 15:48:01  Done     Pre   Queued    Post   Ready   Un-Ready   Failed
07/29/16 15:48:01   ===     ===      ===     ===     ===        ===      ===
07/29/16 15:48:01     6       0        1       0       5         74        0
07/29/16 15:48:01 0 job proc(s) currently held
07/29/16 15:48:01 Note: 31 total job deferrals because of -MaxJobs limit (1)
07/29/16 15:48:07 Currently monitoring 1 Condor log file(s)
07/29/16 15:48:07 Event: ULOG_EXECUTE for Condor Node e.count_ID0000002 (170516.0.0)
07/29/16 15:48:07 Number of idle job procs: 0
07/29/16 15:49:28 Received SIGUSR1
07/29/16 15:49:28 Aborting DAG...
07/29/16 15:49:28 Writing Rescue DAG to advanced_bioconductor_workflow-0.dag.rescue001...
07/29/16 15:49:29 Removing submitted jobs...
07/29/16 15:49:29 Note: 116 total job deferrals because of -MaxJobs limit (1)
07/29/16 15:49:29 Note: 0 total job deferrals because of -MaxIdle limit (1000)
07/29/16 15:49:29 Note: 0 total job deferrals because of node category throttles
07/29/16 15:49:29 Note: 0 total PRE script deferrals because of -MaxPre limit (20) or DEFER
07/29/16 15:49:29 Note: 0 total POST script deferrals because of -MaxPost limit (20) or DEFER
07/29/16 15:49:29 DAG status: 4 (DAG_STATUS_RM)
07/29/16 15:49:29 Of 86 nodes total:
07/29/16 15:49:29  Done     Pre   Queued    Post   Ready   Un-Ready   Failed
07/29/16 15:49:29   ===     ===      ===     ===     ===        ===      ===
07/29/16 15:49:29     6       0        1       0       5         74        0
07/29/16 15:49:29 0 job proc(s) currently held
07/29/16 15:49:29 Note: 116 total job deferrals because of -MaxJobs limit (1)
07/29/16 15:49:30 Wrote metrics file advanced_bioconductor_workflow-0.dag.metrics.
07/29/16 15:49:30 Reporting metrics to Pegasus metrics server(s); output is in advanced_bioconductor_workflow-0.dag.metrics.out.
07/29/16 15:49:30 Running command </usr/libexec/condor/condor_dagman_metrics_reporter -f advanced_bioconductor_workflow-0.dag.metrics -s -t 100>
07/29/16 15:49:30 Warning: mysin has length 0 (ignore if produced by DAGMan; see gittrac #4987, #5031)
07/29/16 15:49:30 **** condor_scheduniv_exec.170509.0 (condor_DAGMAN) pid 11523 EXITING WITH STATUS 2
