000 (170510.000.000) 07/29 15:46:19 Job submitted from host: <128.9.132.56:40777?addrs=128.9.132.56-40777>
    DAG Node: create_dir_advanced_bioconductor_workflow_0_local
    pool:local
...
001 (170510.000.000) 07/29 15:46:20 Job executing on host: <128.9.132.56:40420?addrs=128.9.132.56-40420>
...
005 (170510.000.000) 07/29 15:46:23 Job terminated.
	(1) Normal termination (return value 0)
		Usr 0 00:00:00, Sys 0 00:00:00  -  Run Remote Usage
		Usr 0 00:00:00, Sys 0 00:00:00  -  Run Local Usage
		Usr 0 00:00:00, Sys 0 00:00:00  -  Total Remote Usage
		Usr 0 00:00:00, Sys 0 00:00:00  -  Total Local Usage
	0  -  Run Bytes Sent By Job
	0  -  Run Bytes Received By Job
	0  -  Total Bytes Sent By Job
	0  -  Total Bytes Received By Job
...
016 (170510.000.000) 07/29 15:46:24 POST Script terminated.
	(1) Normal termination (return value 0)
    DAG Node: create_dir_advanced_bioconductor_workflow_0_local
...
000 (170511.000.000) 07/29 15:46:34 Job submitted from host: <128.9.132.56:40777?addrs=128.9.132.56-40777>
    DAG Node: stage_in_remote_local_0_1
    pool:local
...
001 (170511.000.000) 07/29 15:46:34 Job executing on host: <128.9.132.56:40261?addrs=128.9.132.56-40261>
...
005 (170511.000.000) 07/29 15:46:39 Job terminated.
	(1) Normal termination (return value 0)
		Usr 0 00:00:00, Sys 0 00:00:00  -  Run Remote Usage
		Usr 0 00:00:00, Sys 0 00:00:00  -  Run Local Usage
		Usr 0 00:00:00, Sys 0 00:00:00  -  Total Remote Usage
		Usr 0 00:00:00, Sys 0 00:00:00  -  Total Local Usage
	0  -  Run Bytes Sent By Job
	0  -  Run Bytes Received By Job
	0  -  Total Bytes Sent By Job
	0  -  Total Bytes Received By Job
...
016 (170511.000.000) 07/29 15:46:39 POST Script terminated.
	(1) Normal termination (return value 0)
    DAG Node: stage_in_remote_local_0_1
...
000 (170512.000.000) 07/29 15:46:44 Job submitted from host: <128.9.132.56:40777?addrs=128.9.132.56-40777>
    DAG Node: stage_in_remote_local_0_0
    pool:local
...
001 (170512.000.000) 07/29 15:46:45 Job executing on host: <128.9.132.56:40596?addrs=128.9.132.56-40596>
...
005 (170512.000.000) 07/29 15:46:50 Job terminated.
	(1) Normal termination (return value 0)
		Usr 0 00:00:00, Sys 0 00:00:00  -  Run Remote Usage
		Usr 0 00:00:00, Sys 0 00:00:00  -  Run Local Usage
		Usr 0 00:00:00, Sys 0 00:00:00  -  Total Remote Usage
		Usr 0 00:00:00, Sys 0 00:00:00  -  Total Local Usage
	0  -  Run Bytes Sent By Job
	0  -  Run Bytes Received By Job
	0  -  Total Bytes Sent By Job
	0  -  Total Bytes Received By Job
...
016 (170512.000.000) 07/29 15:46:55 POST Script terminated.
	(1) Normal termination (return value 0)
    DAG Node: stage_in_remote_local_0_0
...
000 (170513.000.000) 07/29 15:47:00 Job submitted from host: <128.9.132.56:40777?addrs=128.9.132.56-40777>
    DAG Node: stage_in_remote_local_8_0
    pool:local
...
001 (170513.000.000) 07/29 15:47:00 Job executing on host: <128.9.132.56:40994?addrs=128.9.132.56-40994>
...
005 (170513.000.000) 07/29 15:47:04 Job terminated.
	(1) Normal termination (return value 0)
		Usr 0 00:00:00, Sys 0 00:00:00  -  Run Remote Usage
		Usr 0 00:00:00, Sys 0 00:00:00  -  Run Local Usage
		Usr 0 00:00:00, Sys 0 00:00:00  -  Total Remote Usage
		Usr 0 00:00:00, Sys 0 00:00:00  -  Total Local Usage
	0  -  Run Bytes Sent By Job
	0  -  Run Bytes Received By Job
	0  -  Total Bytes Sent By Job
	0  -  Total Bytes Received By Job
...
016 (170513.000.000) 07/29 15:47:05 POST Script terminated.
	(1) Normal termination (return value 0)
    DAG Node: stage_in_remote_local_8_0
...
000 (170514.000.000) 07/29 15:47:11 Job submitted from host: <128.9.132.56:40777?addrs=128.9.132.56-40777>
    DAG Node: stage_in_remote_local_7_0
    pool:local
...
001 (170514.000.000) 07/29 15:47:11 Job executing on host: <128.9.132.56:40902?addrs=128.9.132.56-40902>
...
005 (170514.000.000) 07/29 15:47:13 Job terminated.
	(1) Normal termination (return value 0)
		Usr 0 00:00:00, Sys 0 00:00:00  -  Run Remote Usage
		Usr 0 00:00:00, Sys 0 00:00:00  -  Run Local Usage
		Usr 0 00:00:00, Sys 0 00:00:00  -  Total Remote Usage
		Usr 0 00:00:00, Sys 0 00:00:00  -  Total Local Usage
	0  -  Run Bytes Sent By Job
	0  -  Run Bytes Received By Job
	0  -  Total Bytes Sent By Job
	0  -  Total Bytes Received By Job
...
016 (170514.000.000) 07/29 15:47:16 POST Script terminated.
	(1) Normal termination (return value 0)
    DAG Node: stage_in_remote_local_7_0
...
000 (170515.000.000) 07/29 15:47:21 Job submitted from host: <128.9.132.56:40777?addrs=128.9.132.56-40777>
    DAG Node: e.preprocess_ID0000001
    pool:local
...
001 (170515.000.000) 07/29 15:47:21 Job executing on host: <128.9.132.56:40350?addrs=128.9.132.56-40350>
...
005 (170515.000.000) 07/29 15:47:55 Job terminated.
	(1) Normal termination (return value 0)
		Usr 0 00:00:00, Sys 0 00:00:00  -  Run Remote Usage
		Usr 0 00:00:18, Sys 0 00:00:00  -  Run Local Usage
		Usr 0 00:00:00, Sys 0 00:00:00  -  Total Remote Usage
		Usr 0 00:00:00, Sys 0 00:00:00  -  Total Local Usage
	0  -  Run Bytes Sent By Job
	0  -  Run Bytes Received By Job
	0  -  Total Bytes Sent By Job
	0  -  Total Bytes Received By Job
...
016 (170515.000.000) 07/29 15:47:56 POST Script terminated.
	(1) Normal termination (return value 0)
    DAG Node: e.preprocess_ID0000001
...
000 (170516.000.000) 07/29 15:48:01 Job submitted from host: <128.9.132.56:40777?addrs=128.9.132.56-40777>
    DAG Node: e.count_ID0000002
    pool:local
...
001 (170516.000.000) 07/29 15:48:02 Job executing on host: <128.9.132.56:40493?addrs=128.9.132.56-40493>
...
004 (170516.000.000) 07/29 15:49:29 Job was evicted.
	(0) Job was not checkpointed.
		Usr 0 00:00:00, Sys 0 00:00:00  -  Run Remote Usage
		Usr 0 00:00:54, Sys 0 00:00:07  -  Run Local Usage
	0  -  Run Bytes Sent By Job
	0  -  Run Bytes Received By Job
...
009 (170516.000.000) 07/29 15:49:30 Job was aborted by the user.
	removed because <OtherJobRemoveRequirements = DAGManJobId =?= 170509> fired when job (170509.0) was removed
...
