2016-07-29 15:46:15,410:INFO:Pegasus.tools.properties(235): processing properties file /scratch/advanced_bioconductor_workflow/submit/samrat/pegasus/advanced_bioconductor_workflow/run0001/pegasus.4885511796411390666.properties... 

2016-07-29T15:46:15-0700 - pegasus-monitord starting - pid 11524 ---------------

Created Pegasus database in: sqlite:////scratch/advanced_bioconductor_workflow/submit/samrat/pegasus/advanced_bioconductor_workflow/run0001/advanced_bioconductor_workflow-0.stampede.db
1469832380 - 2016-07-29T15:46:20-0700 - MONITORD_STARTED  - 7fa97524-6389-4a78-842d-879f10d8d883 - advanced_bioconductor_workflow-0
2016-07-29 15:46:20,209:ERROR:Pegasus.db.modules.stampede_dashboard_loader.Analyzer(123): Connection seemingly lost - attempting to refresh
2016-07-29 15:46:20,210:WARNING:Pegasus.monitoring.workflow(130): DASHBOARD DB NL-LOAD-ERROR --> 7fa97524-6389-4a78-842d-879f10d8d883 - advanced_bioconductor_workflow-0
2016-07-29 15:46:20,210:WARNING:Pegasus.monitoring.workflow(131): error sending event to dashboard db: wf.plan --> {'xwf__id': '7fa97524-6389-4a78-842d-879f10d8d883', 'dax__label': 'advanced_bioconductor_workflow', 'db__url': 'sqlite:////scratch/advanced_bioconductor_workflow/submit/samrat/pegasus/advanced_bioconductor_workflow/run0001/advanced_bioconductor_workflow-0.stampede.db', 'dax__index': '0', 'root__xwf__id': '7fa97524-6389-4a78-842d-879f10d8d883', 'planner__version': '4.6.1', 'submit__dir': '/scratch/advanced_bioconductor_workflow/submit/samrat/pegasus/advanced_bioconductor_workflow/run0001', 'ts': 1469832370, 'argv': '--conf pegasus.properties --dax singleCell.dax --dir /scratch/advanced_bioconductor_workflow/submit --input-dir /scratch/advanced_bioconductor_workflow/input --output-dir /scratch/advanced_bioconductor_workflow/output --sites local --force --submit', 'user': 'samrat', 'dag__file__name': 'advanced_bioconductor_workflow-0.dag', 'submit__hostname': 'dragonfly.isi.edu', 'dax__version': '3.6', 'dax__file': '/scratch/advanced_bioconductor_workflow/singleCell.dax'}
2016-07-29 15:46:20,273:WARNING:Pegasus.monitoring.workflow(132): Traceback (most recent call last):
  File "/usr/lib64/python2.6/site-packages/Pegasus/monitoring/workflow.py", line 125, in output_to_dashboard_db
    self._dashboard_sink.send(event, kwargs)
  File "/usr/lib64/python2.6/site-packages/Pegasus/monitoring/event_output.py", line 190, in send
    self._db.notify(d)
  File "/usr/lib64/python2.6/site-packages/Pegasus/db/modules/__init__.py", line 146, in notify
    raise ProcessException(str(err))
ProcessException: (OperationalError) cannot rollback - no transaction is active None None

2016-07-29 15:49:33,954:WARNING:pegasus-monitord(881): DAGMan was aborted for workflow running in directory /scratch/advanced_bioconductor_workflow/submit/samrat/pegasus/advanced_bioconductor_workflow/run0001
1469832575 - 2016-07-29T15:49:35-0700 - MONITORD_FINISHED - 7fa97524-6389-4a78-842d-879f10d8d883 - advanced_bioconductor_workflow-0

2016-07-29T15:49:36-0700 - pegasus-monitord ending - pid 11524 -----------------

Final Command line options are ['-N', 'advanced_bioconductor_workflow-0.dag.dagman.out'] 
2016-07-29T15:49:40-0700 - pegasus-monitord - DB flushing beginning ------------
2016-07-29T15:49:42-0700 - pegasus-monitord - DB flushing ended ----------------
2016-07-29T15:49:42-0700 - pegasus-monitord - DB flushing beginning ------------
2016-07-29 15:49:42,218:WARNING:pegasus-monitord(216): could not call the finish method in the nl loader class... exiting anyway
2016-07-29 15:49:42,590:WARNING:pegasus-monitord(217): Traceback (most recent call last):
  File "/usr/bin/pegasus-monitord", line 213, in finish_stampede_loader
    sink.close()
  File "/usr/lib64/python2.6/site-packages/Pegasus/monitoring/event_output.py", line 196, in close
    self._db.finish()
  File "/usr/lib64/python2.6/site-packages/Pegasus/db/modules/stampede_dashboard_loader.py", line 450, in finish
    self.hard_flush()
  File "/usr/lib64/python2.6/site-packages/Pegasus/db/modules/stampede_dashboard_loader.py", line 243, in hard_flush
    self.check_connection()
  File "/usr/lib64/python2.6/site-packages/Pegasus/db/modules/stampede_dashboard_loader.py", line 213, in check_connection
    self.session.connection().closed
  File "/usr/lib64/pegasus/externals/python/sqlalchemy/orm/scoping.py", line 149, in do
    return getattr(self.registry(), name)(*args, **kwargs)
  File "/usr/lib64/pegasus/externals/python/sqlalchemy/orm/session.py", line 797, in connection
    close_with_result=close_with_result)
  File "/usr/lib64/pegasus/externals/python/sqlalchemy/orm/session.py", line 801, in _connection_for_bind
    return self.transaction._connection_for_bind(engine)
  File "/usr/lib64/pegasus/externals/python/sqlalchemy/orm/session.py", line 280, in _connection_for_bind
    self._assert_active()
  File "/usr/lib64/pegasus/externals/python/sqlalchemy/orm/session.py", line 180, in _assert_active
    "This session is in 'prepared' state; no further "
InvalidRequestError: This session is in 'prepared' state; no further SQL can be emitted within this transaction.

2016-07-29T15:49:42-0700 - pegasus-monitord - DB flushing ended ----------------
